# BEAST v1.10.5 Prerelease #23570d1
# Generated Fri Mar 11 13:34:12 CET 2022 [seed=1647002049270]
# -save_every 100000 -save_state tanzania_cp3.states tanzania_cp3.xml
state	gps
0	{-1.331277182677433,34.36876370963557}
400000	{-1.924629573279786,34.74207215423641}
800000	{-1.864829517138089,34.016091207242795}
1200000	{-1.73674009036756,34.41989697442434}
1600000	{-1.8422970298868595,34.84370302818873}
2000000	{-1.8393321097868713,34.6833456338648}
2400000	{-1.8753215937312713,34.521137803999586}
2800000	{-1.844870825542946,34.694989718459425}
3200000	{-2.014787266070699,34.77781014197883}
3600000	{-1.8480333413961474,34.67495240248089}
4000000	{-2.141278882196837,34.6687729325731}
4400000	{-1.9346312463372664,34.81058859066551}
4800000	{-1.7380673533748159,34.50397917154453}
5200000	{-1.8333206331127634,34.63231653231481}
5600000	{-1.773691883565252,34.69149474744993}
6000000	{-1.8821631793733096,34.64580914912425}
6400000	{-1.8555527910527838,34.62116194051335}
6800000	{-1.8415787109627035,34.62619458199077}
7200000	{-1.8660391792023883,34.709158045877196}
7600000	{-1.8607762434149018,34.62524216836355}
8000000	{-1.8687401519901947,34.47415981328622}
8400000	{-1.872291922681012,34.75473175667703}
8800000	{-1.7990918986899238,34.65358206261822}
9200000	{-1.866397922082074,34.744614074636395}
9600000	{-1.7419156342011743,34.38390660616889}
10000000	{-1.8274993030306699,34.54692782839521}
10400000	{-1.7518991025840063,34.55433640213352}
10800000	{-1.9016471153495134,34.51610003164825}
11200000	{-1.7309865762129375,34.849288846879546}
11600000	{-1.7212048834558302,34.66931492782183}
12000000	{-1.833277169844386,34.68640910920749}
12400000	{-1.731501951585348,34.69722393484531}
12800000	{-1.8292472602784262,34.59186927330928}
13200000	{-1.7696453773272172,34.458355567269095}
13600000	{-1.6974535414930791,34.824100566501954}
14000000	{-1.7854772018549203,34.66327837802081}
14400000	{-1.8021229345890346,34.62468317421104}
14800000	{-1.7497899155284269,34.77862705931531}
15200000	{-1.9969765922794374,34.56875189423107}
15600000	{-1.7590112986504085,34.96929223918038}
16000000	{-1.7166454560231337,34.510115949740694}
16400000	{-1.832527878720514,34.60871259303345}
16800000	{-1.8239361972086254,34.79733055625513}
17200000	{-1.8226122432603111,34.722996274028276}
17600000	{-1.9154030862895168,34.747456203090366}
18000000	{-1.7360827110070693,34.438039905628635}
18400000	{-1.8756353606184653,34.682680996814966}
18800000	{-1.8065656159646777,34.334820396773026}
19200000	{-1.601080382793583,34.637418003087525}
19600000	{-1.843502452404807,34.508289604564126}
20000000	{-1.895843454923529,34.69406431074856}
20400000	{-1.8515242137843784,34.80402229489289}
20800000	{-1.8437513913576795,34.50917448637539}
21200000	{-1.7766735634722997,34.634277606423595}
21600000	{-1.7849960151614175,34.46959334872955}
22000000	{-1.846156916022024,34.67800387011753}
22400000	{-1.8439899351583608,34.66192159866999}
22800000	{-1.8912638274747426,34.7758285757552}
23200000	{-1.767178552038949,34.744911643366805}
23600000	{-1.747121346831188,34.54615063515159}
24000000	{-1.8727337105236916,34.53597522398201}
24400000	{-1.7851558843311806,34.632892399825586}
24800000	{-1.7002497413368987,34.66654871359547}
25200000	{-1.7958192954695398,34.586375173407745}
25600000	{-1.6938918039809523,34.57413229827118}
26000000	{-1.7834780387960565,34.75154645559148}
26400000	{-1.8137144639604035,34.586273613086796}
26800000	{-1.6460773332196643,34.641081816161005}
27200000	{-1.805584536816122,34.663113976716176}
27600000	{-1.8524382198896445,34.536300656165096}
28000000	{-2.0254252089745397,34.79915858859952}
28400000	{-1.8602348053910083,34.73488006792893}
28800000	{-1.8727967214835386,34.61119058562754}
29200000	{-1.832396263557474,34.38725375765445}
29600000	{-1.9552924259735274,34.81255442296509}
30000000	{-1.7637355025054764,34.69776983397173}
30400000	{-1.7719792753747234,34.906734610571164}
30800000	{-1.8891737169061675,34.45927177541345}
31200000	{-1.7227407335307365,34.48128503798557}
31600000	{-1.7257616112589285,34.5970771338281}
32000000	{-1.8962314986761832,34.57229347777997}
32400000	{-1.7395598362764741,35.02378037611018}
32800000	{-1.7293629073465904,34.4532398103601}
33200000	{-1.8358836785431245,34.655650652281146}
33600000	{-1.7009428077359066,34.380853231295916}
34000000	{-1.8082195366712595,34.73914148490572}
34400000	{-1.7251628084461237,35.17640146924466}
34800000	{-1.85915925617902,34.61272425293337}
35200000	{-1.6745034056387256,34.50254635285095}
35600000	{-1.8686400730858355,34.44170276282037}
36000000	{-1.909996984379331,34.673285648368264}
36400000	{-1.7452542888024796,34.579963618277056}
36800000	{-1.963328499131506,34.61460906596331}
37200000	{-1.7411076969325165,34.674590392395004}
37600000	{-1.9052673747015543,34.686620742514}
38000000	{-1.912254582023343,34.686400964259505}
38400000	{-1.8398093762540675,34.85218307385933}
38800000	{-1.8330252239380833,34.554099551385086}
39200000	{-1.8790675805062702,34.709978113614035}
39600000	{-1.818605978883318,34.52000281072587}
40000000	{-1.7893942478522165,34.66145830030565}
40400000	{-1.915774749608779,34.51360732334923}
40800000	{-1.906975193127211,34.607581014162825}
41200000	{-1.8623011975952213,34.82623963577474}
41600000	{-1.7100159459086453,34.76626966760499}
42000000	{-1.9024098390818898,34.741510216748225}
42400000	{-1.6502087385584416,34.58568898679126}
42800000	{-1.4237538738129818,34.47874345171398}
43200000	{-1.8063874363015096,34.68269090663744}
43600000	{-1.8299988202447242,34.601264963393476}
44000000	{-1.6773787542273435,34.56168673057618}
44400000	{-1.5309190341041292,34.591638067128336}
44800000	{-1.9101322721389165,34.60752454779771}
45200000	{-1.809183571734759,34.62798718993751}
45600000	{-1.8984045923608033,34.80876211735143}
46000000	{-1.852965428367885,34.745578048369374}
46400000	{-1.7299881111409947,34.694468615247764}
46800000	{-1.8449665067552878,34.74072885863798}
47200000	{-1.8977925549525458,34.7657448759843}
47600000	{-1.9153276286949676,34.76248107200719}
48000000	{-1.8791681570100436,34.56765251578335}
48400000	{-1.9263741618580819,34.608981703389624}
48800000	{-1.5915892232517148,34.74130680497403}
49200000	{-1.791809446089276,34.62521532250556}
49600000	{-1.6454027004181817,34.51657209564344}
50000000	{-1.7866010403480765,34.75041911621329}
50400000	{-1.8472014080074486,34.541234993203666}
50800000	{-1.9031808034065465,34.63949163998646}
51200000	{-1.6316536408185252,34.65400666730587}
51600000	{-2.012082262494942,34.65258040969306}
52000000	{-1.878103314211824,34.75453811313293}
52400000	{-1.8241064744925,34.50746590725549}
52800000	{-1.923386993582503,34.58021224329454}
53200000	{-1.756573561319979,34.53043650915925}
53600000	{-1.8412082674330652,34.65592131545917}
54000000	{-1.8942807063339182,34.339648099840964}
54400000	{-1.8847383589195894,34.40949752601541}
54800000	{-1.7999192057440376,34.804511241409806}
55200000	{-1.8150399867649083,34.71648992937255}
55600000	{-2.004089572108224,34.777852127300726}
56000000	{-1.7617495371390532,34.645010469997175}
56400000	{-1.8902764993689156,34.75000712715879}
56800000	{-1.7800739349988404,34.73707454164697}
57200000	{-1.6988210432267754,34.519736413261406}
57600000	{-1.6605606813795029,34.45559406208235}
58000000	{-1.8691425720748198,34.76592038995408}
58400000	{-1.8634051987745255,34.82058906538756}
58800000	{-1.7657569202808452,34.6855121791196}
59200000	{-1.7117618880157721,34.70869883507855}
59600000	{-1.6711230077178227,34.45187253919855}
60000000	{-1.7775999870514176,34.506924499397954}
60400000	{-2.0037116233300103,34.77406495142922}
60800000	{-1.8952515267632803,34.505866733552295}
61200000	{-1.8669800627186186,34.74225948987797}
61600000	{-1.7087482463078307,34.46178062707292}
62000000	{-1.6655606936026541,34.08695937335444}
62400000	{-1.8893982142640506,34.55603492865428}
62800000	{-1.7767719311175927,34.513688450802775}
63200000	{-1.7411951432662978,34.560461534855}
63600000	{-1.676824081821784,34.57266507851938}
64000000	{-1.9760286435843606,34.69426358482211}
64400000	{-1.6620207006671095,34.56039179758839}
64800000	{-1.7344031728432996,34.77608161628468}
65200000	{-1.6715310218297819,34.728561429189554}
65600000	{-1.8998235106558328,34.722798176414045}
66000000	{-1.8345033938277382,34.69874802650399}
66400000	{-1.395929541788971,34.06988944755921}
66800000	{-1.8922315954970645,34.75102432758996}
67200000	{-1.8551950385998608,34.473075888282956}
67600000	{-1.8566163463566423,34.68842029548477}
68000000	{-1.8546630516235347,34.72910092177302}
68400000	{-2.104790636526258,34.65527885265539}
68800000	{-1.7651508093420574,34.34867474396223}
69200000	{-1.9213392706705221,34.473995187923855}
69600000	{-1.862208782697712,34.58134081252029}
70000000	{-1.8331008182123696,34.5966765907385}
70400000	{-1.9318451913253103,34.662272738551735}
70800000	{-1.8016412633263825,34.5328623476232}
71200000	{-1.772231423832054,34.677860545697555}
71600000	{-1.9237257121797837,34.7470948888301}
72000000	{-1.9142482555988984,34.759523379373945}
72400000	{-1.7458357410240761,34.49883171235228}
72800000	{-1.683360090987538,34.45780245789983}
73200000	{-1.5929919665721006,34.61657590549541}
73600000	{-2.0296312339914624,34.77215131461713}
74000000	{-1.6865892793088149,34.7116410661716}
74400000	{-1.9392539562330933,34.802792126313065}
74800000	{-1.6775701545146138,34.62542637894061}
75200000	{-1.7736485412194878,34.58290247367658}
75600000	{-1.7764911058907995,34.50987580107036}
76000000	{-1.819531918357955,34.71968850959514}
76400000	{-1.81403895031884,34.77778707824307}
76800000	{-1.88457067069629,34.7319908981213}
77200000	{-1.7904206177868784,34.67511285852871}
77600000	{-1.7490008103196724,34.48225067790878}
78000000	{-1.9012046844968922,34.82706702320678}
78400000	{-1.7787712125321615,34.47252306847052}
78800000	{-1.8329108380259709,34.66752557657}
79200000	{-1.9409560675229516,34.66702462262603}
79600000	{-1.8790101317425236,34.59332433154182}
80000000	{-1.611997648879004,34.543523863422784}
80400000	{-1.7361696523291215,34.57332052509284}
80800000	{-2.0162683384736133,34.64223010659112}
81200000	{-1.741103737459405,34.613596121951765}
81600000	{-1.8326255026143115,34.61557890735693}
82000000	{-1.636977242681897,34.34159245696139}
82400000	{-1.8786108638614767,34.6899897785226}
82800000	{-1.6751877593055937,34.54977284657571}
83200000	{-2.0252724445545947,34.70082752615241}
83600000	{-1.8925227047968474,34.555478162984876}
84000000	{-1.7238065441541015,34.65038179084043}
84400000	{-1.8057532472384252,34.72218978686617}
84800000	{-1.7480430665735756,34.63534357104816}
85200000	{-1.8649659262220404,34.530844267430474}
85600000	{-1.9624797099822067,34.437327516641204}
86000000	{-1.7755018759826873,34.459712492912786}
86400000	{-1.896570223546511,34.74232147292003}
86800000	{-1.6647808162171667,34.6329672712342}
87200000	{-1.8859508556501303,34.64246425886837}
87600000	{-1.7946232533522892,34.56758112158942}
88000000	{-1.903846072339228,34.8258839240902}
88400000	{-1.8175346439473645,34.64559748536671}
88800000	{-1.9145226318670086,34.59985926272447}
89200000	{-1.8997180157086815,34.74681190974683}
89600000	{-1.6091604470827903,34.36618738215247}
90000000	{-1.8129275474068958,34.627354334318206}
90400000	{-1.760935430719658,34.49426656001037}
90800000	{-1.8007958733666065,34.56673335427017}
91200000	{-1.7266384127489012,34.56171731026749}
91600000	{-1.8440270255207716,34.64194999599859}
92000000	{-1.7800972263774253,34.47759671520368}
92400000	{-1.7064345315918321,34.63562587748657}
92800000	{-1.793209996185599,34.68405992655951}
93200000	{-1.8081790087485916,34.98462052903802}
93600000	{-1.8539790467533417,34.72838001104803}
94000000	{-1.9871292977847925,34.841532871704125}
94400000	{-1.8152455083278545,34.634291762953126}
94800000	{-1.830670523552615,34.64810299915814}
95200000	{-1.715230078168521,34.59080284235347}
95600000	{-1.7811469918733411,34.598516412733055}
96000000	{-1.8094369358741431,34.45328549760401}
96400000	{-1.9325442975714022,34.56593239949829}
96800000	{-1.7386457776061872,34.578031822098254}
97200000	{-1.8118849289188856,34.59080399195211}
97600000	{-1.7889473123591553,34.60385873793568}
98000000	{-1.8224700913457101,34.60068779885191}
98400000	{-1.7996403307845203,34.53398474532153}
98800000	{-1.871536274829022,34.729124219576235}
99200000	{-1.9446249143923517,34.4794024850088}
99600000	{-1.765115669752087,34.486776870747306}
100000000	{-1.7814096644080406,34.57525041812752}
100400000	{-1.8134222990527915,34.60506215420702}
100800000	{-1.8755360372281276,34.67031875322724}
101200000	{-1.8193897254713616,34.72670660954136}
101600000	{-1.8768123771448066,34.69737186786008}
102000000	{-1.7220319575004523,34.59294670315069}
102400000	{-1.9056256377011092,34.504713604799086}
102800000	{-1.701240652015912,34.676714101097524}
103200000	{-1.827740196211346,34.82122594282397}
103600000	{-1.8140976495342505,34.57791542097426}
104000000	{-1.8423028949524416,34.70466622413727}
104400000	{-1.8077019395683196,34.59276401690971}
104800000	{-1.7229796223090128,34.7847794908682}
105200000	{-1.9048755549034222,34.78407201520221}
105600000	{-1.8172791752569784,34.580117118826784}
106000000	{-1.8276340005991116,34.627537558967695}
106400000	{-1.701836761736306,34.48600029627162}
106800000	{-1.898340722691558,34.60289242139425}
107200000	{-1.9008940231765952,34.69007569854844}
107600000	{-1.6649162004198836,34.668683826163246}
108000000	{-1.8998266724863628,34.64426563477493}
108400000	{-1.7957062050785526,34.747793083044165}
108800000	{-1.8171101144488264,34.53898974850013}
109200000	{-1.9049584221132003,34.70204548156089}
109600000	{-1.8317866137542922,34.666002225885364}
110000000	{-1.7996864653780822,34.50430670582271}
110400000	{-1.6590190658881718,34.68039207211266}
110800000	{-1.7552708465509368,34.710848700383615}
111200000	{-1.6186505455137354,34.49296787752363}
111600000	{-1.8203845627124977,34.8229498856787}
112000000	{-1.6989831224529401,34.53172052865238}
112400000	{-1.8054712804448505,34.88114931298942}
112800000	{-1.8363989715236984,34.77357880076742}
113200000	{-1.814947469917899,34.7637777235348}
113600000	{-1.785817440139325,34.45068818824215}
114000000	{-1.7596432302269671,34.593659006472386}
114400000	{-1.7534221798082767,34.60789090135869}
114800000	{-1.816282191841265,34.496179992021055}
115200000	{-1.8298916739087834,34.513934796224646}
115600000	{-1.898405936805727,34.78358978915276}
116000000	{-1.9371356713529453,34.6380189768185}
116400000	{-1.8145633201652234,34.69487106365825}
116800000	{-1.6230193679422713,34.50595834166523}
117200000	{-1.8458078779187188,34.655318411663934}
117600000	{-1.86547092242888,34.52235733547743}
118000000	{-1.8870035803784004,34.685725882635154}
118400000	{-1.760930300765463,34.64659062960492}
118800000	{-1.8058616206509925,34.62410740094682}
119200000	{-1.664212924540226,34.626385838739786}
119600000	{-1.823077333353498,34.76346879991593}
120000000	{-1.854381846423777,34.60367276532346}
120400000	{-1.9323385515771834,34.764046811392156}
120800000	{-1.7633465968709867,34.460053582943075}
121200000	{-1.6732563423279474,34.62736671575716}
121600000	{-1.8159848739288056,34.5029255244655}
122000000	{-1.79080961105338,34.535456669631955}
122400000	{-1.8206207327681707,34.720631179087206}
122800000	{-1.6497037789579534,34.80333481458038}
123200000	{-1.8547651024588476,34.9115521937387}
123600000	{-1.7782486719317392,34.54280712488588}
124000000	{-1.8757219689154243,34.71192574939777}
124400000	{-1.8469463983886933,34.467799854812924}
124800000	{-1.807650272509544,34.6300852517937}
125200000	{-2.037878918392458,34.90606177483265}
125600000	{-1.9095832951079903,34.74656734968996}
126000000	{-1.8129108777694598,34.67911525800537}
126400000	{-1.7886385200541648,34.68010897023859}
126800000	{-1.7939082229637826,34.509352250838184}
127200000	{-1.813128069941331,34.585772229767976}
127600000	{-1.8559919803040503,34.67811885592071}
128000000	{-1.722152853570233,34.69021334282705}
128400000	{-1.8183778913885265,34.75295648299065}
128800000	{-1.8244848022589268,34.62566131709106}
129200000	{-1.8741606997905138,34.65466516623569}
129600000	{-1.7567471298173893,34.44495164023615}
130000000	{-1.7433217088253614,34.71867377704738}
130400000	{-1.8416363237571822,34.6067235712426}
130800000	{-1.7974819786429712,34.726776606279884}
131200000	{-1.8044765673276486,34.696028005122656}
131600000	{-1.6966727487647455,34.5300082666513}
132000000	{-1.7639309691422063,34.51501941875833}
132400000	{-1.7813669839382271,34.491039518655484}
132800000	{-1.6959851191822732,34.60661251065732}
133200000	{-1.8972472017235438,34.60611015235359}
133600000	{-1.843949274478803,34.65108409172566}
134000000	{-1.9578251283235724,34.35162995695088}
134400000	{-1.6959942657877853,34.52357891749995}
134800000	{-1.8160406044264226,34.585383104488066}
135200000	{-1.8363253414560736,34.51219647275994}
135600000	{-1.8253664643401206,34.832641421001476}
136000000	{-1.7865684878899875,34.46097598504363}
136400000	{-1.7578103081815466,34.63566323968203}
136800000	{-1.7586707796517675,34.841236240125475}
137200000	{-1.8760629455167366,34.88294905268385}
137600000	{-1.8826450505912975,34.73181250822168}
138000000	{-1.9004113278511354,34.67217256957037}
138400000	{-1.7460422129075304,34.63234515771724}
138800000	{-1.6851366593190136,34.43088173763013}
139200000	{-1.6380076464758382,34.540047647713685}
139600000	{-1.9433204879934383,34.82171924539477}
140000000	{-1.7863061534877556,34.608815108427386}
140400000	{-1.770217183600911,34.49447210224499}
140800000	{-1.8302926630280698,34.829504473249266}
141200000	{-1.828426250256545,34.69801562235598}
141600000	{-1.7345361085834863,34.01382504512125}
142000000	{-2.033512397896111,34.187122983735456}
142400000	{-1.7470184498518897,34.59142542067454}
142800000	{-1.725742535663343,34.67543092686878}
143200000	{-1.7525806379749551,34.474942949900885}
143600000	{-1.8557716639206772,34.42568979804848}
144000000	{-1.75882231862372,34.50804833511148}
144400000	{-1.7399977851117765,34.600960729480846}
144800000	{-1.7329795880875316,34.72195730259521}
145200000	{-1.921746222660559,34.6949637366872}
145600000	{-1.918041903211187,34.77778894238332}
146000000	{-1.7311724842363947,34.58952370818531}
146400000	{-1.6243871831575738,34.33938747814577}
146800000	{-1.887674824495988,34.422927402414196}
147200000	{-1.4930439295690046,35.002120348115625}
147600000	{-1.8998010226683053,34.4591652918654}
148000000	{-1.7604685500188162,34.67284355835064}
148400000	{-1.8924676580315412,34.61683147258715}
148800000	{-1.8566523969968376,34.50684409047119}
149200000	{-1.7016848318178657,34.71688173029513}
149600000	{-1.9281402970784862,34.59994341019924}
150000000	{-1.8219624268421082,34.534756263325576}
150400000	{-1.7725351332544619,34.83758178753274}
150800000	{-1.7856248443836757,34.4021142739645}
151200000	{-1.804936090389654,34.7974881909262}
151600000	{-1.7224287788763162,34.88784777279239}
152000000	{-1.7121289551345058,34.551902099776676}
152400000	{-1.8451642977616296,34.7174642128507}
152800000	{-1.8104774066780027,34.73056850338819}
153200000	{-2.021238474665191,34.97377731527683}
153600000	{-1.8072303269463343,34.52671650238391}
154000000	{-1.8246418960718775,34.670960136122446}
154400000	{-1.8950556797200073,34.566649378718346}
154800000	{-1.8364104648816018,34.562439950617645}
155200000	{-1.701185635266543,34.67437928846569}
155600000	{-1.7816760418915605,34.5618794053745}
156000000	{-1.8015540930596137,34.82495827477008}
156400000	{-1.8466654300888432,34.479374290813325}
156800000	{-1.7896579251467906,34.55206294215204}
157200000	{-1.835635301679163,34.70537891030825}
157600000	{-1.8039739534005879,34.69548759361595}
158000000	{-1.810580974465238,34.63566423472296}
158400000	{-1.6225444405936866,34.76688208050119}
158800000	{-1.754113843533079,34.66386129339082}
159200000	{-1.8065014708457043,34.87760590114198}
159600000	{-1.7794777755516433,34.28414607251613}
160000000	{-1.7375191514121209,34.53686083073771}
160400000	{-1.9329663805475814,34.895602053750686}
160800000	{-1.9345138007448084,34.66347321897325}
161200000	{-1.7757928086163737,34.74654877463833}
161600000	{-1.7315883733046733,34.7444366636536}
162000000	{-1.8161189313078658,34.5650254090193}
162400000	{-1.6781970240365418,34.52213271148821}
162800000	{-1.9314108670997658,34.73372535912924}
163200000	{-1.8180301724660854,34.681764410142264}
163600000	{-1.8673870773437515,34.74303331780906}
164000000	{-1.5827667970953823,34.69314806750931}
164400000	{-1.7817701936277255,34.63380332272462}
164800000	{-1.8216720540817923,34.548131814043295}
165200000	{-1.7459314923588543,34.840811952247755}
165600000	{-1.8175115519430085,34.828267218551765}
166000000	{-1.8858137562519177,34.70051163774593}
166400000	{-1.7634360700651184,34.61154131751852}
166800000	{-1.699876618847841,34.48221217856847}
167200000	{-1.8010926437599428,34.51612028033732}
167600000	{-1.9411093357119,34.81522959174714}
168000000	{-1.6829667129629629,34.740159691305}
168400000	{-1.7999490473432962,34.71277008889248}
168800000	{-1.7875022114199142,34.59388992577972}
169200000	{-1.8297644114637106,34.74946074221952}
169600000	{-1.6927206149916991,34.47010083872508}
170000000	{-1.7916314979013717,34.666677077688036}
170400000	{-1.9021423985047963,34.697902102699345}
170800000	{-1.8117245241242057,34.35483206213159}
171200000	{-1.8584527669537836,34.39981772041337}
171600000	{-1.7139446713881474,34.57842025680323}
172000000	{-1.8114461118491934,34.52015465713204}
172400000	{-1.9102241432407627,34.83521884318529}
172800000	{-1.724781472806063,34.85911467702073}
173200000	{-1.7192203627156355,34.906050944974695}
173600000	{-1.798417587431254,34.63459476847372}
174000000	{-1.850835114735914,34.58476817468589}
174400000	{-1.7856281428179137,34.520263174004626}
174800000	{-1.8068054017491093,34.39901641059023}
175200000	{-1.7773914557913204,34.6133940251112}
175600000	{-1.8329553670429792,34.72387866063365}
176000000	{-1.8705236775650835,34.692720868357014}
176400000	{-1.9171021559704118,34.55296256965938}
176800000	{-1.8117775713431918,34.5577656423325}
177200000	{-1.864032966451614,34.65885470778817}
177600000	{-1.7995501123538375,34.4509785912497}
178000000	{-1.9207579587943124,34.52369318796915}
178400000	{-1.760332859075392,34.47307846733928}
178800000	{-1.8666563964911063,34.33497680116819}
179200000	{-1.8109580492395736,34.76152364735815}
179600000	{-1.7202218569169403,34.37116551944948}
180000000	{-1.7535595911310484,34.60348993359332}
180400000	{-1.8680575724373436,34.68980441279121}
180800000	{-1.8828279837800046,34.5906924971375}
181200000	{-1.6580858780626113,34.68052509072698}
181600000	{-1.802005313902147,34.664966022861066}
182000000	{-1.6449096061736794,34.686666047000976}
182400000	{-1.7679565943529356,34.71973617392398}
182800000	{-1.8601873321631945,34.55951604676506}
183200000	{-1.7009681821320535,34.38453377331317}
183600000	{-1.795679003642801,34.75498372541046}
184000000	{-1.8668680486966218,34.788640862336315}
184400000	{-1.752058908359511,34.726688899451275}
184800000	{-1.7871459694454874,34.569773841861895}
185200000	{-1.8061324916874915,34.44657406352731}
185600000	{-1.817270418514997,34.53146081920208}
186000000	{-1.7335832297333518,34.466908505686575}
186400000	{-1.834915277712145,34.64049391475361}
186800000	{-1.7341921243210467,34.62755535658351}
187200000	{-1.7991693335422094,34.65892361113629}
187600000	{-1.6390201579624808,34.613836020702934}
188000000	{-1.629944259293861,34.71326279946208}
188400000	{-1.791474302216128,34.67151157221633}
188800000	{-1.7787395264809767,34.53493553862938}
189200000	{-1.7838047577851275,34.34243588433307}
189600000	{-1.7955118080383827,34.84566394294861}
190000000	{-1.7048126027578983,34.51762807810245}
190400000	{-1.651697744380164,34.54196376192453}
190800000	{-1.9602897858767059,35.44180371242164}
191200000	{-1.6244291467369563,34.58960107843815}
191600000	{-1.8737056127780884,34.80353917026087}
192000000	{-1.8330065212149698,34.59051157027371}
192400000	{-1.8950939171076129,34.63776096620161}
192800000	{-1.8718310850993924,34.68459234119079}
193200000	{-1.9191804741604699,34.69013600473266}
193600000	{-1.9174200535953627,34.58520687592942}
194000000	{-1.8034456248689588,34.712663760375165}
194400000	{-1.8328330747050237,34.68844648581569}
194800000	{-1.732303541923241,34.73388796184343}
195200000	{-1.8021946544576148,34.831772352511784}
195600000	{-1.8333284093952171,34.57196937067051}
196000000	{-1.6563152306932767,34.39167924278364}
196400000	{-1.8273071292242102,34.64243178347647}
196800000	{-1.707539313905036,34.427292639939076}
197200000	{-1.817029329795107,34.62842703957069}
197600000	{-1.8667608300430942,34.62919212374679}
198000000	{-1.6619086398093181,34.72589155721791}
198400000	{-1.7510527686394675,34.41893005174347}
198800000	{-1.8426509245006175,34.743996715495804}
199200000	{-1.8526887389502396,34.758871061057114}
199600000	{-1.7555301942366162,34.642358257894685}
200000000	{-1.8158824422366786,34.59657472247156}
200400000	{-1.9094577099063723,34.683005915640955}
200800000	{-1.7083221483986946,34.59369901530162}
201200000	{-1.854324124657645,34.772850017389274}
201600000	{-1.7860865895807057,34.74958346345595}
202000000	{-1.8044233230403446,34.643781144040865}
202400000	{-1.8843715716156724,34.41938501639817}
202800000	{-1.6157620038459135,34.54774190224796}
203200000	{-1.7847082528445226,34.70042635106144}
203600000	{-1.840991603596272,34.56725969574159}
204000000	{-1.8066456619832079,34.79465286981629}
204400000	{-1.6856560476667608,34.505236428186564}
204800000	{-2.0429940577717263,34.681508860146494}
205200000	{-1.8336803793665042,34.55617968515543}
205600000	{-1.8382293047330573,34.35094270805861}
206000000	{-1.7892900293804412,34.70306767907715}
206400000	{-1.8683926915424605,34.55865992632436}
206800000	{-1.8451375472120235,34.66471792767509}
207200000	{-1.88501425230845,34.86419656636313}
207600000	{-1.701578275607556,34.5486420974257}
208000000	{-1.891864943054875,34.70978819784484}
208400000	{-1.7522062351096335,34.682577666887326}
208800000	{-1.8513017410864774,34.70695081220867}
209200000	{-1.6783467449901746,34.35713058786676}
209600000	{-1.6608257692510182,34.56232656423807}
210000000	{-1.9183404709244603,34.76816423778776}
210400000	{-1.7892938929888154,34.300994829975444}
210800000	{-1.429406043036683,34.75235155769401}
211200000	{-1.8928047269377146,34.586723759202506}
211600000	{-1.9292715913451162,34.587468903295495}
212000000	{-1.825120119618647,34.59833967927833}
212400000	{-1.7347237477166138,34.83707575281365}
212800000	{-1.8077248266556674,34.408703471893446}
213200000	{-1.8325678594045491,34.720697211246424}
213600000	{-1.8997681966433162,34.6464376951068}
214000000	{-1.7352733952135433,34.62738329638177}
214400000	{-1.9135629286426274,34.71112313470943}
214800000	{-1.9390138533820838,34.56240285819721}
215200000	{-1.9203369798052876,34.67141076588846}
215600000	{-1.5635854460190899,34.80983540232847}
216000000	{-1.9523787521825353,34.70691445255076}
216400000	{-1.7420522224163515,34.6474686812744}
216800000	{-1.8872550268182484,34.545895090896835}
217200000	{-1.9547973764493194,34.48873416768689}
217600000	{-1.925582801636851,34.737770225556275}
218000000	{-1.8431309342437314,34.670415494482974}
218400000	{-1.7682789575894322,34.621409077286295}
218800000	{-1.9740922706295203,34.67010417399307}
219200000	{-1.9038806626845821,34.56373801052549}
219600000	{-1.8316185499380413,34.50844780669387}
220000000	{-1.913698548201115,34.76228261638703}
220400000	{-1.9282521888243802,34.80078481465651}
220800000	{-1.8548967167377355,34.77084288542883}
221200000	{-1.8447018960874537,34.63204618902914}
221600000	{-1.6822086851880897,34.223539792063775}
222000000	{-1.7358010015606944,34.413296808895566}
222400000	{-1.7727398606481741,34.66015789930019}
222800000	{-1.9252003197257939,34.78853667891933}
223200000	{-1.8352119312407378,34.53890552354298}
223600000	{-1.9724319156845076,34.65131464949557}
224000000	{-1.9530333204155048,34.851584500665474}
224400000	{-1.9369628787848185,34.453862720818236}
224800000	{-1.7447468027585278,34.5891263230122}
225200000	{-1.9888601262801995,34.805884595099826}
225600000	{-1.7362896808807806,34.46093837766353}
226000000	{-1.6227635388353816,34.331640833158225}
226400000	{-1.9038135439357158,34.678373561232306}
226800000	{-1.819184601592357,34.76286185431229}
227200000	{-1.8187873333850275,34.73204414456803}
227600000	{-1.7160636522922486,34.645972890531}
228000000	{-1.4919476428909848,34.49919084217773}
228400000	{-1.9805003935579109,34.66797776328272}
228800000	{-1.907366622558259,34.75461846084803}
229200000	{-1.8856889897067042,34.8538253558148}
229600000	{-1.6755124167520414,34.653019377678575}
230000000	{-1.8046439321844179,34.62264370200525}
230400000	{-1.8465668891273785,34.72512707788219}
230800000	{-1.777900400321115,34.63734783911445}
231200000	{-1.9218865102825973,34.562681490159285}
231600000	{-1.7631784519466505,34.5696254240425}
232000000	{-1.7200216504422858,34.747010279548284}
232400000	{-1.7908473916503411,34.726318240676726}
232800000	{-1.8209827859066934,34.74787604144345}
233200000	{-1.9477048437561697,34.728422867119136}
233600000	{-1.8797789119702792,34.60222373666153}
234000000	{-1.7529487304827758,34.745970379191455}
234400000	{-1.81983963880697,34.59526052747394}
234800000	{-1.761039867491097,34.47093610717933}
235200000	{-1.7397015383754713,34.72374793823052}
235600000	{-1.6661533811375717,34.65940204476888}
236000000	{-1.8253029524967606,34.55274553863808}
236400000	{-1.78968848928156,34.66812143400924}
236800000	{-1.861372315817523,34.5019293936876}
237200000	{-1.7779533856044,34.74731516149087}
237600000	{-1.6620450474993373,34.727406835991744}
238000000	{-1.9027337226729713,34.759810250192515}
238400000	{-1.8080931118600942,34.65122946438758}
238800000	{-1.9003177984925266,34.47082744042408}
239200000	{-1.7589151058427521,34.68701295763195}
239600000	{-1.7557423177795375,34.4585263957317}
240000000	{-1.8858449860239241,34.73186124675617}
240400000	{-1.8365019329699415,34.60963705699652}
240800000	{-1.7613212941023813,34.717403773391595}
241200000	{-1.7850418213623656,34.70699132312615}
241600000	{-1.8823444140845238,34.540959721080014}
242000000	{-1.8743179429115047,34.765190859566346}
242400000	{-1.8261214429633936,34.640069673066144}
242800000	{-1.9584923012564552,34.7323811164853}
243200000	{-1.916662474012107,34.72985289275468}
243600000	{-1.8234507403639555,34.6349154491804}
244000000	{-1.6690513129658362,34.5325303716872}
244400000	{-1.7821655828787981,34.75098232096267}
244800000	{-1.7889998085290577,34.595832767485156}
245200000	{-1.829567021924139,34.66313537610825}
245600000	{-1.741103454560287,34.77144599579334}
246000000	{-1.8364333157694028,34.681815532396215}
246400000	{-1.7813910542284273,34.8029155746519}
246800000	{-1.8160536868261454,34.639380013337636}
247200000	{-1.7950156438609526,34.489344995226254}
247600000	{-1.751137405864436,34.50249934472911}
248000000	{-1.7748661564033095,34.53589104879157}
248400000	{-1.752546253454367,34.75165450474333}
248800000	{-1.7111599062244496,34.53756398440171}
249200000	{-1.8282554244395453,34.658953494056}
249600000	{-1.8265222588087529,34.73068933310452}
250000000	{-1.775843670806031,34.687249544837954}
250400000	{-1.584439683593408,34.47978706144219}
250800000	{-1.6486174947608785,34.39430100664759}
251200000	{-1.7304391096892073,34.69647852164819}
251600000	{-1.8814142380251322,34.9873025372778}
252000000	{-1.6584397176516092,34.776535515917054}
252400000	{-1.6809711982807372,34.56717350157384}
252800000	{-1.8867369344266667,34.75691655398111}
253200000	{-1.8489272184886798,34.551024549726755}
253600000	{-1.6797352162615085,34.46209562717473}
254000000	{-1.8597050550594356,34.71725227552372}
254400000	{-1.7718562242048703,34.45506915844779}
254800000	{-1.9179035130271145,34.580862755510445}
255200000	{-1.5548695735986555,34.23918455313344}
255600000	{-1.7410601110033597,34.7037200735791}
256000000	{-1.7271963316288261,34.58369762582472}
256400000	{-1.6846770282733157,34.69105559524626}
256800000	{-1.9415661161726223,34.89143247705114}
257200000	{-1.8151362958665367,34.623325330115435}
257600000	{-1.850653808822809,34.65392802963727}
258000000	{-1.6755774788075894,34.907339746697104}
258400000	{-1.7778336539186517,34.583404818715266}
258800000	{-1.8409049555391044,34.61625015623802}
259200000	{-1.801083567505617,34.51127505236932}
259600000	{-1.7887486425625532,34.68260312827445}
260000000	{-1.9009395841372074,34.39519997339228}
260400000	{-1.934357153953346,34.881938700605055}
260800000	{-1.744078502354588,34.44274337543228}
261200000	{-2.00143661176665,34.89177372683351}
261600000	{-1.8266399850095003,34.7101132249944}
262000000	{-1.8317280091988102,34.632628162129855}
262400000	{-1.7854863948840032,34.667237540823564}
262800000	{-1.7950169014972395,34.557531977843816}
263200000	{-1.743463647604929,34.622746371972056}
263600000	{-1.893821787818718,34.783687531763704}
264000000	{-1.8855086044330478,34.70181908895666}
264400000	{-1.717994146391516,34.780349668446725}
264800000	{-1.7116725641682455,34.69619478013943}
265200000	{-1.780500719520768,34.708765007668525}
265600000	{-1.6869349447647324,34.643227635454984}
266000000	{-1.7153947462238355,34.83360135697143}
266400000	{-1.9358736581323153,34.87040665850033}
266800000	{-1.7367808496029453,34.56060834167041}
267200000	{-1.8197032265175366,34.833658217998064}
267600000	{-1.8655880598649517,34.8263453255807}
268000000	{-1.841553775011486,34.69875904520371}
268400000	{-1.8460552470128195,34.507950510045646}
268800000	{-1.829799933766683,34.7312593238507}
269200000	{-1.8841228088483333,34.555235293867355}
269600000	{-1.762257174627114,34.698186643729194}
270000000	{-1.7835257390230546,34.53320121290986}
270400000	{-1.8809899859193608,34.46943714566798}
270800000	{-1.8065020301129013,34.64824350447304}
271200000	{-1.876698320101479,34.50501736744496}
271600000	{-1.7911091282029792,34.499391944247094}
272000000	{-1.786608465116937,34.7749316708952}
272400000	{-1.8096761945350885,34.50566969414249}
272800000	{-1.710209358229659,34.64462935252855}
273200000	{-1.7380761774790134,34.357450917814106}
273600000	{-1.8627938659212362,34.44226403458083}
274000000	{-1.8821705485709734,34.6420359145132}
274400000	{-1.9600237977662756,34.91096859972962}
274800000	{-1.7221274163146219,34.546672120723706}
275200000	{-1.8442214122622413,34.57985435272647}
275600000	{-1.923744266029453,34.85544049106736}
276000000	{-1.7543683514391908,34.49701756385282}
276400000	{-1.9153996677389304,34.5263545735525}
276800000	{-1.8364964992211097,34.69643630806587}
277200000	{-1.8298280942260239,34.59844607749404}
277600000	{-1.6446438398497913,34.722865539190934}
278000000	{-1.6226578551368527,34.586243213806384}
278400000	{-1.7459488075891347,34.56245687726093}
278800000	{-1.648404390838868,34.67647717585782}
279200000	{-1.7225893869225892,34.56739660800037}
279600000	{-1.8490110913581903,34.60853272248637}
280000000	{-1.8940288834113441,34.643390111602116}
280400000	{-1.8107839211681478,34.60831834616011}
280800000	{-1.8693134282336548,34.59300225479813}
281200000	{-1.7441801698705017,34.59104270927137}
281600000	{-1.6711786428143947,34.536004985845224}
282000000	{-1.7896662189766033,34.420838113351365}
282400000	{-1.7899112491988372,34.45790484348143}
282800000	{-1.7641532897256669,34.74932349173961}
283200000	{-1.8426777111096784,34.66777524052163}
283600000	{-1.7972248386664447,34.64419270544662}
284000000	{-1.9203162587504328,34.93700291931615}
284400000	{-1.7809187382243867,34.57804810300344}
284800000	{-1.5897072763133488,34.779492168443554}
285200000	{-1.891525276956916,34.70035528662511}
285600000	{-1.8274722574335691,34.650138344030765}
286000000	{-1.8513037346132764,34.58463025685324}
286400000	{-1.876338803407554,34.599044848698966}
286800000	{-1.847477396057731,34.54815855842679}
287200000	{-1.673880353492134,34.673905521985816}
287600000	{-1.8085314296602275,35.02850820572579}
288000000	{-1.7166143560234128,34.55534169735004}
288400000	{-1.780475854631947,34.566766405734136}
288800000	{-1.6954331355664123,34.83266880557804}
289200000	{-1.7552453641308041,34.66842659367799}
289600000	{-1.8307067684228853,34.88652018104821}
290000000	{-1.7881431553081435,34.69023445906794}
290400000	{-1.9677047910122196,34.428438116102974}
290800000	{-1.8512281676669755,34.76519776909763}
291200000	{-1.9520669500961747,34.69279245792541}
291600000	{-1.7038759897900815,34.954894513124486}
292000000	{-1.8048507733598704,34.83476432606197}
292400000	{-1.9314362103532885,34.706848535970835}
292800000	{-1.7963824199093152,34.58527345640216}
293200000	{-1.814997141068808,34.32465623636342}
293600000	{-1.7694133513788588,34.50107622828705}
294000000	{-1.6664585778872396,34.58273667775624}
294400000	{-1.586059678074859,34.566685455462505}
294800000	{-1.6862766544836063,34.42753457924244}
295200000	{-1.7601726815481584,34.5412445804278}
295600000	{-1.8385438562129421,34.712180942395584}
296000000	{-1.9045330388640926,34.72843965843294}
296400000	{-1.8074052311651263,34.63510749517456}
296800000	{-1.6805384795552902,34.519725966643065}
297200000	{-1.7635428244277587,34.72532211784455}
297600000	{-1.675109917547045,34.62263975815101}
298000000	{-1.8000490793608148,34.644825647916825}
298400000	{-1.8071188934970641,34.62930112761557}
298800000	{-1.748532737403036,34.49287520522625}
299200000	{-1.788532854033686,34.58521554635647}
299600000	{-1.82702392248704,34.715743412654504}
300000000	{-1.657097489167445,34.55373015562585}
300400000	{-1.8671602552691273,34.64191854765856}
300800000	{-1.8112321055691247,34.86389321405996}
301200000	{-1.8133485313345212,34.75329084239789}
301600000	{-1.8207929037974497,34.69990753775097}
302000000	{-1.8296796184024977,34.53052350710262}
302400000	{-1.9739273497771603,34.730859900331566}
302800000	{-1.884916485763221,34.488255885343044}
303200000	{-1.6220704322615742,34.272988185032055}
303600000	{-1.784867373009486,34.532833206319225}
304000000	{-1.7127471587586798,34.58423254822636}
304400000	{-1.7969774229741562,34.69319590089846}
304800000	{-1.7631341693975289,34.612076819224534}
305200000	{-1.9024377436894366,34.77370121164638}
305600000	{-1.884777421924955,34.62973908131165}
306000000	{-1.739412100781917,34.65473387177331}
306400000	{-1.7009891515331956,34.70104207464883}
306800000	{-1.8410893175609153,34.81342680263316}
307200000	{-1.897752477553378,34.85315086986705}
307600000	{-1.6774965223652423,34.27032917690115}
308000000	{-1.832358540151189,34.64747862453343}
308400000	{-1.8696748336103894,34.691518371754114}
308800000	{-1.7950895337658013,34.59673123622541}
309200000	{-1.760697256318633,34.546377014597404}
309600000	{-1.8237001257820509,34.69571389168311}
310000000	{-1.8090011404830226,34.57575388259881}
310400000	{-1.977561712717756,34.715755523167836}
310800000	{-1.8359714863859034,34.75612131894837}
311200000	{-1.8211921334339294,34.56785583223583}
311600000	{-1.6890150429765003,34.52318833504827}
312000000	{-1.760499049003047,34.67478545953304}
312400000	{-1.81839710080497,34.632583021856945}
312800000	{-1.833657307585315,34.60944253461824}
313200000	{-1.8085536783449827,34.57635306534278}
313600000	{-1.8664838674328565,34.718106569359705}
314000000	{-1.7425164483420599,34.469700494204695}
314400000	{-1.798300484517343,34.619161638938174}
314800000	{-1.8482609193834523,34.41672203017669}
315200000	{-1.7419422412510583,34.548400668449425}
315600000	{-1.759641520219506,34.47579753019797}
316000000	{-1.8305185197548708,34.58049220233653}
316400000	{-1.9366846451280832,34.807322340715594}
316800000	{-1.7136922678053832,34.61443818278858}
317200000	{-1.7709392814708975,34.49718526754306}
317600000	{-1.8067660024817147,34.614752509844585}
318000000	{-1.7282836472119034,34.66691925670166}
318400000	{-1.8859929513152327,34.71581808062586}
318800000	{-1.747278607264925,34.22803291756392}
319200000	{-1.7634613083359594,34.64270050447444}
319600000	{-1.7675305486697488,34.6695726748118}
320000000	{-1.913724350801955,34.50528074659515}
320400000	{-1.7336972982621524,34.85107519698818}
320800000	{-1.8839072233597398,34.559186007039415}
321200000	{-1.9717043743810052,34.597568658578496}
321600000	{-1.6478799209126516,34.21347432418524}
322000000	{-1.659261442476558,34.53390436862649}
322400000	{-1.7289474989889404,34.631443928010235}
322800000	{-1.8008136888627362,34.64893075252297}
323200000	{-1.8665913270752463,34.47012605701142}
323600000	{-1.9431767054778497,34.73076711982464}
324000000	{-1.732227571436936,34.50365812023061}
324400000	{-1.8319557184710853,34.62147653482886}
324800000	{-1.738196018590941,34.50346557340165}
325200000	{-1.894181846091143,34.547722637555324}
325600000	{-1.6725764825458171,34.87694772954772}
326000000	{-1.832042892674978,34.76519999960264}
326400000	{-1.832918546363837,34.621992090280415}
326800000	{-1.8232321188521627,34.64207885699222}
327200000	{-1.699399932119167,34.54567509680436}
327600000	{-1.7620292609082044,34.56078774879724}
328000000	{-1.8153740347028566,34.64916220081828}
328400000	{-1.7619480796668112,34.51024389782738}
328800000	{-1.782294578441579,34.41230182133201}
329200000	{-1.7297214871998552,34.899213819322604}
329600000	{-1.8440747265185644,34.501724591110545}
330000000	{-1.7966709097777176,34.90893194338834}
330400000	{-1.7766369209554924,34.58842062536812}
330800000	{-1.796659039065185,34.6171365318999}
331200000	{-1.8838712099290946,34.509761615841505}
331600000	{-1.6428793772228687,34.57349395970637}
332000000	{-1.8135649105511966,34.67789934762151}
332400000	{-1.8645530802038202,34.646582289005536}
332800000	{-1.7254464577006783,34.66184721235055}
333200000	{-1.8358541951518905,34.712754527622735}
333600000	{-1.6999643518885736,34.616974014462095}
334000000	{-1.893397790781531,34.552415597998234}
334400000	{-1.9405896135556764,34.76291672376532}
334800000	{-1.7987115879481113,34.73872350129416}
335200000	{-1.7869431800450886,34.556139272124504}
335600000	{-1.7185325344273887,34.43939477067774}
336000000	{-1.954954357391796,34.693609309696015}
336400000	{-1.916888917799852,34.57851013938773}
336800000	{-1.8315243541694155,34.73973806469664}
337200000	{-1.8053553099542263,34.5818429265196}
337600000	{-1.7554405401507451,34.61931266131994}
338000000	{-1.804368367167473,34.68911261538283}
338400000	{-1.6860473943642216,34.63862501618037}
338800000	{-1.808537411704062,34.69292283708863}
339200000	{-1.949879791725694,34.72941951374001}
339600000	{-1.8639310411735077,34.49675402726588}
340000000	{-1.8182064255895138,34.59445356577873}
340400000	{-1.8677556791801397,34.70859264585096}
340800000	{-1.888309877728588,34.73720120720869}
341200000	{-1.6556957955551286,34.433616786663045}
341600000	{-1.874459904547755,34.89182191112967}
342000000	{-1.9838542145491076,34.53433672009649}
342400000	{-1.9069610137844544,34.70673535937093}
342800000	{-1.859448836843773,34.856054624690145}
343200000	{-1.8325731645491476,34.62920410921972}
343600000	{-1.8861087093271351,34.77905284945464}
344000000	{-1.7493355525579448,34.417525180606496}
344400000	{-1.801552071932116,34.5487994498738}
344800000	{-1.8589929713635815,34.71844528957587}
345200000	{-1.811417272133735,34.604590799490396}
345600000	{-1.9327238451738793,34.6925833682526}
346000000	{-1.9638291765563793,34.70542005296905}
346400000	{-1.9040234739794308,34.725798366437836}
346800000	{-1.7090863053786518,34.500540103727374}
347200000	{-1.8410301516790142,34.44909096970562}
347600000	{-1.733325830078375,34.501269536883}
348000000	{-1.6976893399048354,34.66254763375344}
348400000	{-1.9069670199075957,34.97512315415304}
348800000	{-1.7925438350166145,34.644161400579435}
349200000	{-2.0457450004450557,34.68995114862078}
349600000	{-1.869202230826168,34.645673416469776}
350000000	{-1.8373417429029961,34.66116262178476}
350400000	{-1.9050529406993035,34.7526154454914}
350800000	{-1.6645292804274552,34.68247831188394}
351200000	{-1.9005082381517173,34.53155882525093}
351600000	{-1.8069727469339711,34.72964933362557}
352000000	{-1.8707329748921122,34.713322910219006}
352400000	{-1.7090768750049847,34.47323564634005}
352800000	{-1.7600869236064163,34.688281257371294}
353200000	{-1.9063461926448046,34.51529262500609}
353600000	{-1.9601557102453546,34.41897853128736}
354000000	{-1.7260529156367044,34.70314278085075}
354400000	{-1.7963855228496188,34.72859972478773}
354800000	{-1.8308329976241373,34.47356758319298}
355200000	{-1.7849848405969502,34.636952408307565}
355600000	{-1.959207489320172,34.65064235993541}
356000000	{-1.8299212137785676,34.715831729844744}
356400000	{-1.8467772871367178,34.34698121523821}
356800000	{-1.8516604658398412,34.66795656677637}
357200000	{-1.8260046935895706,34.73596770884459}
357600000	{-1.7936068183963942,34.81468472859555}
358000000	{-1.740575141020558,34.57584169633118}
358400000	{-1.7984299521931575,34.73005196806493}
358800000	{-1.8242364217864746,34.86473441321481}
359200000	{-1.7474092279432227,34.736262184988}
359600000	{-1.8135592474081725,34.464617118920565}
360000000	{-1.8104892265405137,34.48984855295773}
360400000	{-1.9670960287229349,34.75705531737316}
360800000	{-1.8293516260605442,34.63515753476769}
361200000	{-2.0699799945953314,34.72815608071517}
361600000	{-1.9124883529168442,34.78332739588969}
362000000	{-1.8549530106333596,34.74822925153853}
362400000	{-1.7851350627439617,34.24909423510979}
362800000	{-1.8800083357005357,34.71136288714517}
363200000	{-1.7440182269176923,34.62899772423277}
363600000	{-1.6140834112752782,34.76319432877886}
364000000	{-1.8677723785043996,34.412547815318234}
364400000	{-1.7849972286852989,34.517205372407325}
364800000	{-1.8487987162512902,34.67121687176338}
365200000	{-1.7762598759832728,34.685848404449295}
365600000	{-1.7563983859360344,34.71133391464502}
366000000	{-1.9876339478094232,34.48594343132278}
366400000	{-1.7356242624586724,34.588973539713194}
366800000	{-2.11670597674684,34.32501066733494}
367200000	{-1.9206033559731994,34.88911353871248}
367600000	{-1.7984987606170948,34.54062153522932}
368000000	{-1.7124890088503608,34.51046984259032}
368400000	{-1.859734723994226,34.56152840974928}
368800000	{-1.6401737786693615,34.868100464221534}
369200000	{-1.7747256309656072,34.483280879492376}
369600000	{-1.8617942295050278,34.43825404392915}
370000000	{-1.6539780469227183,34.58285664425142}
370400000	{-1.8538007647595303,34.695795377189164}
370800000	{-1.5291752343537077,34.628355513045456}
371200000	{-1.8908616133007878,34.583728770593474}
371600000	{-1.9407749344846168,34.31262261311865}
372000000	{-1.600406967502539,34.755429006142776}
372400000	{-1.6298157256631198,34.57222815145732}
372800000	{-1.7543263715162691,34.66924169162206}
373200000	{-1.8087222139817751,34.67107925418149}
373600000	{-1.9031071276686629,34.62849182927182}
374000000	{-1.8715864848082309,34.81421180561462}
374400000	{-1.581497578136042,34.43181709004018}
374800000	{-1.850924854641159,34.65352793052096}
375200000	{-1.7908053765596534,34.47563091194904}
375600000	{-1.8932459304023719,34.77520470126666}
376000000	{-1.712656802302506,34.62166468369806}
376400000	{-1.9849861598760266,34.787840889397145}
376800000	{-1.8272351112508993,34.75515605072629}
377200000	{-1.7273955634923597,34.446255072048906}
377600000	{-1.905629520662132,34.56963814148007}
378000000	{-1.76173977238162,34.46294552348822}
378400000	{-1.8996532544810738,34.426233058416415}
378800000	{-1.7597212098411523,34.70082031077704}
379200000	{-1.7812552516942997,34.467523138125195}
379600000	{-1.9504381349166358,34.87578469432487}
380000000	{-1.7878843753532643,34.591973373897275}
380400000	{-1.9593381175086169,34.965009339871095}
380800000	{-1.8043803610541247,34.67229797131276}
381200000	{-1.7716046696913814,34.71478329636267}
381600000	{-1.7848469796339916,34.717732225425976}
382000000	{-1.7630578903785175,34.573063639225765}
382400000	{-1.8186002034061435,34.669996261335825}
382800000	{-1.8466267169801625,34.67907509048317}
383200000	{-1.8056269620309704,35.00431439461014}
383600000	{-1.878313594992941,34.85838086822277}
384000000	{-1.70518139268161,34.50897402089014}
384400000	{-1.677099246361235,34.26209957818614}
384800000	{-1.8347501322575979,34.75437233973089}
385200000	{-1.736085285694967,34.5550111114194}
385600000	{-1.5735048778162963,34.58300904760612}
386000000	{-1.843292479236632,34.295266511036985}
386400000	{-1.7999195419026282,34.68830705121423}
386800000	{-1.8789524750315918,34.66844852568193}
387200000	{-2.09278238692587,34.537065251365625}
387600000	{-1.7517920090945882,34.35800709188463}
388000000	{-1.8109913922890752,34.81702514445205}
388400000	{-1.769787852582683,34.552078284741135}
388800000	{-1.731984386982714,34.44375185097029}
389200000	{-1.8638142597269347,34.48678388727607}
389600000	{-1.6897410507614552,34.4176021076656}
390000000	{-1.7815421219684917,34.68499428553197}
390400000	{-1.644698743880529,34.47366707580465}
390800000	{-1.767584117975032,34.442573613447266}
391200000	{-1.8415303669417398,34.739385801889235}
391600000	{-1.5795757818376936,34.62653545530239}
392000000	{-1.7550759101940265,34.715833054761546}
392400000	{-1.9446805916788006,35.01637291506644}
392800000	{-1.859181834441302,34.66521943329609}
393200000	{-1.8782872829195838,34.603729568625724}
393600000	{-1.8036551183445495,34.73635562607583}
394000000	{-1.8222048896562184,34.54773542531041}
394400000	{-1.7830870064635822,34.66063999608465}
394800000	{-1.8830093762388298,34.73339657809816}
395200000	{-1.8749827624613595,34.904311595237786}
395600000	{-1.8596288509174206,34.88911684260199}
396000000	{-1.8987108269517037,35.0429326926307}
396400000	{-1.7466594448996933,34.61875288363425}
396800000	{-1.6837580496273057,34.526830105592055}
397200000	{-1.8226170908788952,34.72258247917606}
397600000	{-1.8287258716402655,34.61517097708392}
398000000	{-1.9573250200486778,34.72820782128691}
398400000	{-1.7691493290689917,34.54973532246699}
398800000	{-2.146914662909833,34.292253354513676}
399200000	{-1.8155080446609084,34.55237845347985}
399600000	{-1.9433670767802482,34.74803165601731}
400000000	{-1.7388330358762125,34.76107881009158}
