# BEAST v1.10.5 Prerelease #23570d1
# Generated Tue Dec 21 11:35:17 CET 2021 [seed=1640082914861]
# -save_every 50000 -save_state Compiled_G_aligned_cut.states Compiled_G_aligned_cut.xml
state	location.rates.Cambodia.Other	location.rates.Other.Cambodia
0	1.0	1.0
100000	1.4661377757394403	0.5156188736058475
200000	1.4791618980866705	0.8647265510992732
300000	1.4408402917392997	1.3277809060309664
400000	1.087826810493649	0.5749110134856277
500000	0.9194448848189573	0.2404941355289758
600000	1.3980996001663415	1.1824032669761384
700000	1.968335580020484	1.7228474906253004
800000	0.05530848072573385	0.2372297623043069
900000	0.7441160441740953	1.3109131838610584
1000000	0.094007848438947	1.436717753103475
1100000	0.36808842609744236	0.6262184661224274
1200000	2.0207583273576484	0.9534391810506289
1300000	0.20771748165616283	0.11903679059342195
1400000	0.5980041776219749	2.1024481716245864
1500000	0.41242693928925955	0.49453858132535394
1600000	0.2950086292471802	0.25140306165041265
1700000	0.8349330269157865	2.9015651088621164
1800000	0.49891776432230456	2.021672559555599
1900000	0.10909828393429637	0.34920950627471076
2000000	0.6453823711363383	6.188596975779661
2100000	0.39474635673451397	1.0526547746212496
2200000	0.581564723140107	1.3096927644417669
2300000	0.5094196764308505	2.945226078063624
2400000	0.480005765900292	1.6986210327914175
2500000	0.8259987226985368	0.7320909378518072
2600000	0.1904954607768067	0.7020597758557844
2700000	0.1726612617737427	0.9141584008659761
2800000	0.15662860051227595	0.9762055891378624
2900000	0.009923705585394989	1.0295946940759018
3000000	1.3742953923098506	0.31186002468084245
3100000	0.974241223929583	2.926443699181885
3200000	0.053841068484884465	0.7772314861335795
3300000	1.9208452201754895	2.393618622668964
3400000	0.2792915550746642	2.6828880362833583
3500000	0.7920009187349233	3.6444821387659907
3600000	0.34898628428835243	1.4165925434595623
3700000	0.34718853022192286	0.5765558941067749
3800000	0.9039168504127811	1.0538470039188708
3900000	2.3580371902350907	0.3711396086374209
4000000	0.8798604149066703	1.2806372284532663
4100000	0.25987345788876376	0.3000050277842844
4200000	1.1740066613819955	2.9149974044398945
4300000	1.2222218500619086	1.2495532243998049
4400000	0.45882308978145897	0.5564550526416489
4500000	1.2626614386330408	0.8911416619154592
4600000	0.28913817335418784	2.143199773144618
4700000	1.3093771344129435	0.61203262968015
4800000	0.2613966162787485	0.13647587935910407
4900000	0.1495128283432677	2.034803819343172
5000000	0.23144572306385058	0.7311036834974485
5100000	1.2465025177120785	1.5736802775030976
5200000	0.2572333428767812	0.42130556055215745
5300000	0.38339416725107417	0.5333884146214429
5400000	0.1255236084825813	2.498162332509219
5500000	0.0026210053809778474	0.11477326473842792
5600000	0.324467307040744	0.9339349646579007
5700000	7.255750376244562E-4	0.9516757135034296
5800000	0.46204387969426364	1.1166000433888785
5900000	0.543398238583998	3.156102997226294
6000000	0.010039378888558501	0.3229466810119195
6100000	0.1868923976327925	1.455213291768501
6200000	0.00223225605589407	0.5734963163152516
6300000	2.9142431399178443	0.8658613463901488
6400000	0.12068800929801274	2.477946015124904
6500000	0.4315965531932376	1.4372047408681392
6600000	0.12878070918626436	0.5638580916352464
6700000	0.06242647515160341	0.17510172224575915
6800000	1.9175976088375897	0.36469490275927113
6900000	0.15710276156423886	0.254966339968275
7000000	0.03421151621371221	0.45410592935498967
7100000	0.2874312695182233	1.4063300036572688
7200000	3.935783900449515	1.301734457829397
7300000	0.249182623644827	0.9520024603442316
7400000	0.6583557159280778	0.46183200959325205
7500000	1.8041991951676521	1.4925353445579137
7600000	1.182286006013308	2.164439836020471
7700000	0.6460125879698914	1.6451377839247618
7800000	0.05396340528828387	0.6944890863149278
7900000	0.8612196317985067	0.8404647057315933
8000000	0.24523742844561547	2.475966398116219
8100000	1.5493678486468176	1.3070764165643982
8200000	0.0071716761842352	0.5029344676775755
8300000	0.42596230907028126	1.0684395678234433
8400000	0.06677352972787572	0.872984086621355
8500000	0.2803964141813973	2.86370827633163
8600000	0.27959365361164074	1.2503124583413157
8700000	0.19157851589895994	0.6429781518048298
8800000	0.5038076589866405	1.299899572187464
8900000	0.3899022189073578	0.5604951679998026
9000000	0.32898605525407715	0.6181173319753565
9100000	1.4573501452398743	3.964674944263131
9200000	0.33064595200403296	2.06867573895239
9300000	0.11360905603337912	1.5270027799046286
9400000	0.4452135649373149	3.6266693143099307
9500000	0.09338352048658888	2.1842200140042505
9600000	1.2404268718366103	1.7514096944507025
9700000	1.9047936849024336	1.8469165700346415
9800000	0.3352554494838556	4.025961790805193
9900000	0.08350343070196725	0.8168969322884688
10000000	0.2294409035731057	0.4974449788076161
10100000	0.5208008288426843	1.5547343489126433
10200000	0.5749880291162534	2.224922929870084
10300000	1.90197559280345	0.28152232896804724
10400000	0.09631006874063387	0.19277499915731594
10500000	0.037927055117626424	0.10836257229452977
10600000	1.1367651784521502	2.250280428058545
10700000	0.017032869682770454	1.6179093921902956
10800000	0.008484159656808148	0.4629260543983238
10900000	0.29643556908010904	1.7938299567946472
11000000	0.01942070414263523	0.3182842014861236
11100000	1.203547674789596	0.19589663933744453
11200000	0.6612271936528419	3.086767518797273
11300000	0.08863042777336137	0.18236616616424564
11400000	0.35200726528766196	1.2688174674326493
11500000	0.29127966440546	1.7247064437397992
11600000	0.5128662210415879	5.666722815765309
11700000	1.1467460452045597	0.905935219333935
11800000	0.2549525915592361	1.3539425825065106
11900000	0.04634029705377268	0.9821573704488968
12000000	0.15133078004213116	0.1018832372656071
12100000	0.10572354265735011	0.8067533006180118
12200000	0.07965785031260585	0.8799892788330965
12300000	0.28397013728957327	1.1768332197625968
12400000	0.32727302499255384	0.2565006211535792
12500000	1.3162878527314381	0.15236149702842733
12600000	0.21119661344891724	2.377733220143131
12700000	0.40006592619776216	1.4868403047248242
12800000	0.5044117342644369	0.9566406483832205
12900000	0.3893389353728806	0.1299306052848136
13000000	0.24280631541949352	0.3715656771658127
13100000	0.4006595543436298	0.7148678787148006
13200000	0.13610578517459243	0.16513332677744055
13300000	1.222928843060986	0.8954915007902177
13400000	0.4025195111660115	1.6998468635628003
13500000	0.14704688774037017	1.3846787023621103
13600000	0.5710344373810744	0.8786566460773099
13700000	0.031093028917058122	0.9418953560857801
13800000	0.0017473356294930929	2.0936262315583702
13900000	0.4676525108663246	1.058149171958554
14000000	1.130166230891616	2.677295076896517
14100000	0.06551644061910049	0.9158175973506213
14200000	0.19845110500659408	1.4957522648937585
14300000	0.13971394201094123	0.44703335485948476
14400000	0.6902464820763763	0.3897853265057447
14500000	0.2918971685026388	0.5838148589964023
14600000	0.15708364791009705	4.58119712964795
14700000	0.143180384202741	0.6183529812091354
14800000	0.262012494360449	1.3101218822165783
14900000	1.8284932564781065	1.0129601207206593
15000000	0.20837728805409905	0.5501722945547477
15100000	0.33230920868954134	2.0814773804092073
15200000	0.0780583330489289	0.9570124681838649
15300000	0.5228694721290427	0.5590818411068752
15400000	0.7504641455037918	1.070274909481767
15500000	1.1995526891815878	0.6695024877247584
15600000	1.3911323901816335	0.6732951756478958
15700000	0.24006334226056963	0.1635925967515595
15800000	0.19579417839497254	0.986116945604638
15900000	0.6596539024379977	0.853728592159783
16000000	1.367059613781779	0.8379485026055628
16100000	0.07492108388358192	0.6729898929224587
16200000	0.21638737947285933	2.6331934617158654
16300000	0.23309181699766993	2.7869670419020425
16400000	1.0890010842928086	0.7775338881936406
16500000	0.03969876608699767	0.8243058264273659
16600000	0.17847657433913547	0.2961161852533048
16700000	0.3223019204833472	0.4348386602229329
16800000	0.05013845449910978	1.457930546831739
16900000	0.16818658311120593	1.9424000241525394
17000000	0.002432675154112938	0.22727890021620362
17100000	2.0439677917287264	0.18810241778662917
17200000	2.086016663651263	0.9043386093928378
17300000	0.539037081220786	1.2539727144945298
17400000	0.27602438906811505	1.2486103167151623
17500000	0.08702980760877628	2.9866395413914013
17600000	0.8928103089676244	2.428147141379091
17700000	1.308242072031532	0.20587693560424966
17800000	0.46886052031656716	1.6577523570729726
17900000	1.3352463791405156	0.41319872503425503
18000000	0.7539237714221999	0.3562474008721544
18100000	0.8531925147887779	1.9764391405803265
18200000	0.3159124019649305	0.6529638191338347
18300000	0.9899547451443057	0.8546661411856805
18400000	0.18596800425717602	2.236974819472466
18500000	0.6914553569782417	0.4120802658479158
18600000	0.7610013433536956	0.808636739617614
18700000	0.311918633286818	0.9188755122498274
18800000	0.17213078440708385	1.9416415491482613
18900000	0.6519916957217268	1.9538349464904285
19000000	0.2534532708162802	2.1603126278134694
19100000	1.0338016477458152	2.175053875472497
19200000	1.5366459842707376	2.0235112161157693
19300000	0.2474963832695072	1.8785368994226703
19400000	0.2765034111344104	1.0820722262287892
19500000	0.41335642593485583	0.27351729789815726
19600000	0.1945444564961108	0.6619780392546037
19700000	0.059216022912028855	1.3174429741232696
19800000	0.5269009892553841	0.6135925004192638
19900000	0.004167175904579494	2.854627839205767
20000000	2.31151351101135	0.7940909438807225
20100000	0.3889205759756642	0.6408930665578076
20200000	0.41919416948698773	0.18721864694220855
20300000	0.14875226110000672	0.3357898236598786
20400000	0.9785429515027864	1.095766186651161
20500000	0.8278908753193103	0.1396096358086719
20600000	0.37491534382355	3.986862893546579
20700000	1.0993193675045558	1.1444073583709053
20800000	1.4480752722480226	2.202548900006046
20900000	0.2758244554144394	1.3128997743081527
21000000	0.6906004105340802	1.7086271323846631
21100000	0.4400215898172856	1.6280881077660225
21200000	0.11381089477977102	0.9588419048804863
21300000	0.5021682991062209	0.22563085607975045
21400000	0.40559489838823154	0.7220122498320052
21500000	0.5120267832769333	1.1765175513499149
21600000	1.0584214711416284	1.3567634603344252
21700000	0.6199025629985031	2.3361742395895915
21800000	0.040016970274706444	0.2633967340947957
21900000	0.04480394039024149	1.6414516101213619
22000000	0.6424711185370746	0.6594889624579944
22100000	0.8374459867542383	0.5109292012594009
22200000	0.5029988088063657	0.46390414885045717
22300000	0.1920083418117647	0.6225520656663425
22400000	2.3577612081839616	1.6733767045020995
22500000	1.9322911272889667	1.714376794794496
22600000	0.025378718386157892	0.9027170107947089
22700000	0.017684362249688706	0.5376601220462796
22800000	0.14567516790985058	0.5159598471765525
22900000	0.08172597931566275	1.71618915106035
23000000	0.4026148938773384	1.3341300317947173
23100000	0.6957339249236255	0.570174480047599
23200000	0.01216752280874946	0.17579053819781643
23300000	0.09185791506952172	2.4348377000603416
23400000	0.13789580602971824	1.4269351801850387
23500000	0.518248506194781	1.6609228307262278
23600000	1.6706324028050163	0.5277303623125161
23700000	0.36504703339084693	1.0498548322066712
23800000	0.2798328704462678	0.33476819751336223
23900000	0.4910718384900163	0.1785936196316455
24000000	0.09605934028313462	0.7305963765002172
24100000	1.4687869974251333	0.7146037699783426
24200000	0.10766491426359179	0.19407336923708426
24300000	0.19379333560434106	1.2559033955698649
24400000	0.05984860528525358	2.655518620906706
24500000	0.26394594593479964	0.5681682403360073
24600000	0.2179869602589913	0.25526654104180585
24700000	1.4374803854324554	2.162075146808259
24800000	1.766640614075518	0.9226385258752333
24900000	1.9243902822527352	0.40063083066751143
25000000	0.394611540778425	0.1412063519439516
25100000	1.5878074463977914	0.7492308154030974
25200000	0.05321836438149173	2.837914512438003
25300000	0.08197712538738866	0.6781758206146496
25400000	0.469435609609789	1.1128476216489531
25500000	0.6333842646485807	0.9074467066693148
25600000	0.0161088499666147	1.7275262350926848
25700000	3.310438363962756	0.3023921363565099
25800000	0.22001208451565227	0.848222335974337
25900000	0.6916178737569711	1.632210193422524
26000000	0.4345275932812599	0.25268612193173196
26100000	0.7495249741412382	0.3914356900268843
26200000	0.21812612983081095	1.8855850229915778
26300000	0.4458609049737153	0.12403595944019793
26400000	0.6378056994166602	1.021830615177802
26500000	0.6822417413746574	0.6863511938289905
26600000	0.5375885825272887	0.2619533746683282
26700000	0.9487416064126828	0.6895997609038526
26800000	1.3611243743400114	1.250739433441552
26900000	0.7912149569662703	0.31943731779534307
27000000	1.328068599627987	0.6890685875773376
27100000	0.21227474816357636	0.5209613157935401
27200000	0.9720903548234822	0.7344003590559306
27300000	0.29974477362376206	1.8312055083582854
27400000	0.6444090344688219	1.079267858437981
27500000	0.3021545053041534	1.6753170890921005
27600000	0.5081061387951367	2.805409919659549
27700000	0.13662340372178688	0.8478358310159896
27800000	0.19252236773518897	1.7853103838576694
27900000	0.43468559274611174	0.1746933419782281
28000000	0.1299554231061115	0.4959858767565639
28100000	0.7558592722014856	4.74462779780641
28200000	0.5307709295702353	0.8867169451450516
28300000	0.0518644846123862	1.2302056748090435
28400000	1.841686072970205	1.3642388597687136
28500000	1.3765786068388677	2.4058641522318984
28600000	3.766478107536298	3.404951470531923
28700000	0.8688507184758855	1.4663980538975048
28800000	0.5102637327304187	0.31575923617825824
28900000	0.7692452398473024	1.3140289582312652
29000000	0.413763057286145	1.3209462438968114
29100000	0.05857070401866005	1.0643149575312858
29200000	1.4422906852903543	1.088706548984947
29300000	0.6703879260964617	0.6235396188993089
29400000	0.2722390014151112	4.016699679701904
29500000	0.6000461004383015	3.314148411502508
29600000	1.8658974848428902	0.14057535363581236
29700000	0.692980662214289	4.399598881889858
29800000	0.6776346644877689	3.23957437203197
29900000	0.0046795694242366395	0.9753312844187804
30000000	0.3700848365139841	0.33842136376928095
30100000	0.3004467673673615	0.5605469231817934
30200000	0.8947081670044837	0.5001998713886864
30300000	0.7882011275555633	0.8260305662093399
30400000	1.6871745153004212	3.396331975348931
30500000	0.15903351131278662	4.85183781641042
30600000	0.05114102745452614	0.2964410282896811
30700000	0.3265915627003641	1.4211561157409192
30800000	0.04522322625945508	0.5482795518138132
30900000	0.3371891890633266	0.8588378340556923
31000000	0.6907654633817191	1.1950116991724935
31100000	0.6609221144914991	1.1214025327766028
31200000	1.8878600021843333	0.7126104653261615
31300000	0.23024597900408156	0.09433765441644075
31400000	0.07511314314222053	1.2829633518468673
31500000	0.333270401178293	0.07782602389033529
31600000	2.1898302981675837	0.52434871088823
31700000	0.20883212992839212	0.9750623815219389
31800000	0.10160975877967081	0.9969567897268893
31900000	0.6890421431266214	2.5401660324490467
32000000	0.6882476347770491	1.9704782811056578
32100000	0.36826947724736664	3.0209602023124864
32200000	0.813414167608551	1.0077246688928008
32300000	0.7490211688557777	3.4112077332473527
32400000	1.7067711129432463	1.2573653144006691
32500000	0.34121174542984517	2.3210216119645497
32600000	2.6254785197832216	4.535561894842319
32700000	0.20375467340370693	2.763178885046468
32800000	0.20131525599632857	0.6113458472546562
32900000	0.8286211787250997	1.1351134043678606
33000000	0.048825198825427185	0.1508853906389898
33100000	1.111581828364584	1.118466602297091
33200000	0.2000725739469203	1.046109956203936
33300000	0.49725568210288895	3.1180272350439866
33400000	0.07642884295017147	0.41786576734316877
33500000	0.06814612854617905	0.1384828255191898
33600000	1.8537162270983594	0.5824577423558843
33700000	0.32780788275220113	0.24083455261017853
33800000	0.3711254918016194	0.6903835819198088
33900000	0.27023508930267814	0.937312562078532
34000000	0.13039145332488775	0.7847197129998885
34100000	0.9934001472132432	2.39034693162264
34200000	0.16784739251244046	2.4380211522176936
34300000	0.031542927162174335	0.2602914445398664
34400000	0.11881733746724721	0.7303541801180644
34500000	0.20587840929216764	0.8233996210601229
34600000	0.9082101592016715	0.518190592925995
34700000	1.0620241763589113	2.0859153872856755
34800000	0.2531445165180467	1.267756670330476
34900000	0.047592533654895484	0.9299004451114189
35000000	0.928268702568402	3.3936208271237307
35100000	0.9511941584962564	0.7870738445979288
35200000	0.52521262180799	1.5281848966759752
35300000	0.35978492220243247	0.5495489233243326
35400000	0.08149299320597221	0.45714673246075316
35500000	0.3243862214680757	1.5758621123947394
35600000	0.261014218511756	0.736491255528443
35700000	0.17925528087043535	1.6590974698955396
35800000	1.2791878710630349	1.8719066891571292
35900000	1.0843730433779248	0.6292113036559441
36000000	0.02455581988015036	4.183912172749003
36100000	0.15380180421925468	0.7211432263639047
36200000	1.3392340683813733	1.3633927221206517
36300000	0.08394868113086225	3.147879718859732
36400000	1.082602947291738	0.7072662298385419
36500000	0.12461029682916087	1.1232822184199303
36600000	0.5331553990845621	1.1332135042540803
36700000	0.06685290895795169	0.32594845397655803
36800000	0.0888542613936259	2.5359682397329335
36900000	0.8185728083996021	2.331093700538229
37000000	0.01325824146355217	2.763484935458599
37100000	1.2200403948234542	1.4938338663638209
37200000	0.02507288991420255	2.5004572247719863
37300000	0.006130204402058239	0.14531458588748844
37400000	0.16528285011491067	0.9981976681560517
37500000	0.5669191992298906	1.1198995112497203
37600000	0.16233256371489127	0.5881558937981572
37700000	0.19579533771797317	1.1952763379724543
37800000	0.7265217575671	1.203089028739627
37900000	0.24514587436685378	0.1393229962868104
38000000	0.0326806094936592	0.8566653280421314
38100000	0.038482287440002226	0.5890363436964657
38200000	0.29550650902945635	4.822502984787251
38300000	0.4814467081797233	0.5739410141240765
38400000	0.1142910121461655	1.8934498373416275
38500000	0.17906172278920496	2.0845383939675424
38600000	0.33153623021819933	0.8686609103187549
38700000	1.5634163538442367	3.0337090588580646
38800000	0.09331555734906008	0.8404788236438093
38900000	0.6877849241175515	0.20164511879063787
39000000	0.0602839796647711	2.329676365052761
39100000	0.880779339979862	1.1267763433461946
39200000	0.665678592361656	0.4465912562589918
39300000	0.9114784218816557	2.111872642380395
39400000	0.1497049496865192	1.282239015515947
39500000	0.18582332864641501	0.2153408407582159
39600000	0.5293531621637694	1.3251066733774972
39700000	0.21464008984627464	0.3206569371661616
39800000	0.6693050223534148	2.8963461399891575
39900000	1.47764980970389	0.8476028011466146
40000000	1.0678348497435914	4.192474701675115
40100000	0.9900358234096642	4.953938553959796
40200000	0.20246549530012647	0.5272920246717095
40300000	0.02554140056722618	3.9569486560714537
40400000	0.25543006012871566	0.8972845577812726
40500000	0.13970678851677862	5.669318409303018
40600000	0.33547299487407223	0.5513367941252311
40700000	1.2006973213638745	3.276915583419473
40800000	2.5500976081530426	2.4358133634088475
40900000	1.2357392290071554	1.9087507660213503
41000000	0.28728222251331625	0.43332807942458834
41100000	0.22758062241844598	1.3959073673533415
41200000	0.08953878067542936	0.0902253780388479
41300000	0.16202179385256843	0.34950634373068995
41400000	0.024226298730311176	1.3675260101263713
41500000	1.7587728117108787	0.5566642791318666
41600000	2.6575031864018053	2.921141173215483
41700000	3.171459598589569	0.6026451420729696
41800000	2.465344756180545	0.2441428940728638
41900000	0.1251107071860149	0.26680123994862215
42000000	0.5226104755067241	0.5812741529832082
42100000	0.029402598584257412	0.3595230650587465
42200000	0.2722381636750064	1.8734725626257236
42300000	0.29186429616435194	3.9580561025459464
42400000	0.5696470791914928	1.5138717225533247
42500000	0.34482646322735294	3.5912811979398263
42600000	0.0011541940198557359	2.0749342292224457
42700000	0.6304236498313278	2.824099464945363
42800000	0.04668110974583095	1.0058577771469457
42900000	0.10508005415533427	1.2147971623368592
43000000	1.0981668249274734	1.1519456781585422
43100000	1.0064433279747698	1.413254885965338
43200000	0.0314173948566743	2.458046541814163
43300000	1.271366814695301	0.2983594372986126
43400000	0.4131059826593672	1.4065241008667986
43500000	2.264292243587176	4.342483595333066
43600000	0.16136187625330137	1.5495923751512455
43700000	0.16455989532358428	0.9780392458565971
43800000	0.018739472018113046	1.543671952499527
43900000	0.20030198884985717	0.5253491354126756
44000000	0.42191292636784256	0.7503130650143063
44100000	0.08231183421997525	1.952971172505697
44200000	0.390887887943173	0.322621242752334
44300000	1.647901726979708	3.4809868271999043
44400000	0.33951278705551763	0.2186061092672161
44500000	0.06335348184210862	0.5094280578459552
44600000	1.2544221161304954	1.759306382462321
44700000	0.11951914626775965	0.5498813230786455
44800000	0.20519871998769376	1.6146331042865918
44900000	0.17542919657699058	2.021288091322506
45000000	0.4480750288028936	0.675958126849728
45100000	5.51518123668568	1.6172830086594323
45200000	1.484205921399095	0.3037401260884785
45300000	0.3508156711308836	0.3648144492157253
45400000	0.6600856269393184	1.1000223875701276
45500000	0.9183587919165348	0.16107061106200188
45600000	0.025450202885850343	1.0162135440315898
45700000	0.0790784520041356	0.9729665526119492
45800000	0.15553005976020387	0.5816049108721515
45900000	0.01789558600244776	0.24001396291074942
46000000	1.1049986386946267	0.35678835543106874
46100000	0.397107631894215	1.787797146432156
46200000	0.29002815399233045	2.7494371468146315
46300000	0.5228983938455962	2.6250218193420083
46400000	0.017274985984519077	0.7369518617685787
46500000	0.17208537826040174	3.3852837868358185
46600000	0.007943000825497938	2.1455663746338303
46700000	0.6788952389080224	2.957423932547545
46800000	1.128612803526899	1.5005274282921461
46900000	0.2242548496892273	2.669999484847477
47000000	0.13530534858802196	0.4237895038636608
47100000	0.5434082386442269	0.7822013772050237
47200000	0.25860188044863563	0.7882594646367101
47300000	0.1703740600291825	1.0095254602153174
47400000	0.6384032164388768	0.9835741633435621
47500000	2.152481077933	0.3867518970562632
47600000	0.128820744399074	0.20590850496336452
47700000	0.5072073003341856	0.7779188719332188
47800000	0.101668419018946	0.5370752558627804
47900000	0.6236025534049123	1.1853155555124177
48000000	0.1854240275720301	2.2496959194407187
48100000	0.2776157631398701	0.6103322797817072
48200000	8.24444377144624E-5	1.8321344208468595
48300000	1.8952271008209252	2.666226787329796
48400000	0.3831710616172701	1.125276847984803
48500000	1.0583709939575932	2.9196998463607846
48600000	0.015654802816095614	0.4031573628509168
48700000	0.12070486098654937	1.778101521339268
48800000	1.3260110567794683	0.9636785183064548
48900000	0.3717645926299234	1.0700324193923942
49000000	0.5000498923229237	0.8158390053197141
49100000	0.0786577151471528	0.028161095372286227
49200000	0.2122482267655146	0.6588560933589552
49300000	0.2987160628999716	0.41618160546627436
49400000	0.6334149758049438	1.8481948592385165
49500000	0.9339891557658138	1.0847885613840693
49600000	1.1832602353698567	0.3615527527389087
49700000	0.4949921466829532	1.5785211055879769
49800000	0.3346999073129328	0.237255906061025
49900000	0.3979778385574381	0.18393849647655897
50000000	1.2760280669683937	1.191606232269959
50100000	0.060120362596511705	4.0122252022094544
50200000	0.6058302758504874	4.442041246440728
50300000	0.47247371462459636	0.1756669368768135
50400000	3.0075597001873995E-5	0.22107096880117671
50500000	0.6671284562160555	2.9679952266364564
50600000	0.1918364623098449	1.6462510875028855
50700000	0.6282074928926037	1.9662283521525385
50800000	1.1543956150736994	1.0661445719331624
50900000	0.32919829511018983	2.6113199256759803
51000000	0.04664670862204497	2.1925666379553506
51100000	0.06019258583802875	0.8064865192624743
51200000	0.3192752619779663	0.9179014395814975
51300000	0.644281899255591	1.8132856124753352
51400000	1.149268741147825	1.2832520366188442
51500000	0.013122137134344253	0.6872543605361673
51600000	0.5380110678123448	1.1550121714069272
51700000	0.7758362637444841	1.0876250103661504
51800000	0.16717789997751895	0.3290820496487289
51900000	0.49064899317929256	0.8110186621346333
52000000	0.09122743696549432	1.3839835585443976
52100000	0.1289727959736312	0.45661529399009526
52200000	1.384874398007042	1.2100709156488503
52300000	1.0594765642749964	0.32674050771886715
52400000	0.17170958284137522	1.700143571065642
52500000	0.3550142547835505	0.45711219628221456
52600000	0.023933827887017783	0.7848851232055173
52700000	0.5536963558289432	0.30258056320676485
52800000	1.9651131816520468	1.9364093599087948
52900000	0.06573886691925063	0.5957050294456303
53000000	0.5885873686065186	2.999590563234844
53100000	0.7562350125037038	2.5809314619805908
53200000	1.8660349502464793	0.9802428544275129
53300000	0.015191628333803962	0.9342145078052149
53400000	0.8769450972369014	2.551838973068028
53500000	0.4591360778221669	0.5295251267483946
53600000	0.6242004264443616	0.8457198974714684
53700000	0.10743026133760714	1.0311668893136423
53800000	0.0058063619384591866	2.5245081946282366
53900000	0.08913497492703581	1.6364817219865155
54000000	1.849391890231411	0.658802408610081
54100000	1.0574198199749345	1.14703701486282
54200000	0.4808050718615128	0.8537802959405905
54300000	0.5653137554440171	1.4239410332814435
54400000	0.21111353712411346	0.1285112015805689
54500000	0.05520468206719212	2.445200055747683
54600000	0.29907879777314283	0.9231503335393118
54700000	1.6178607225836024	0.4327157886619301
54800000	0.11662909328105454	1.543854633199702
54900000	2.850088431799617	1.5811688847779533
55000000	2.0842935031338903	2.4819155996924223
55100000	0.6200930276755158	0.8933173264622916
55200000	0.5941658334240252	1.3062104537481674
55300000	1.4579994497282638	1.5329629444500292
55400000	0.7129783457229882	0.8972721231424102
55500000	0.07840498390082301	0.04802822426374052
55600000	0.33006699263620326	0.39288823895442915
55700000	0.5249877817860634	0.27935782921075225
55800000	1.074207364743332	2.407060179485703
55900000	1.969272502342107	1.3450608710067558
56000000	0.6714745453436842	0.7648355179383611
56100000	0.5355042542739461	0.8523504334549702
56200000	1.449945281413998	0.5377501234659351
56300000	2.1841363048681797	2.6024149468029725
56400000	0.1590760011803383	1.1877946664203614
56500000	1.1504955677375404	0.7299249113034203
56600000	0.5745683674600959	1.694783834363595
56700000	5.8334507443511905	1.2752749740582505
56800000	0.14962637053280387	0.8016179456848921
56900000	0.04763588448570859	0.8423884895040922
57000000	0.08812422019941675	0.5684841254955205
57100000	0.577474572712641	2.6638523968697663
57200000	0.18673199467548063	1.2080640622134893
57300000	0.7948181277595711	3.0001341788307214
57400000	0.09166849898857024	2.1410249673819632
57500000	0.03934679304006314	2.0471374420208153
57600000	0.12370444614390282	1.1273350442981753
57700000	0.1273518762855096	0.11876830848359196
57800000	0.1427532053240806	0.8396230668221916
57900000	0.8142155162148171	3.229593907804635
58000000	1.9598009794358529	5.670595378512931
58100000	0.12001781068786298	0.8160604478010187
58200000	0.5556915388377754	0.9272798047477334
58300000	0.20346770820619964	2.416815888628468
58400000	1.4906677235799126	0.8800104188530206
58500000	2.2398356903480083	0.6463203658579961
58600000	0.9165420399631798	1.2470880215763964
58700000	3.444700841643461E-4	0.3873332868411544
58800000	0.13070082596283902	3.8474630828621605
58900000	0.09037611306893838	3.1686127557677946
59000000	0.033282857133903554	0.7824731070264924
59100000	0.42388597715672344	1.4889689794983718
59200000	0.22445123136005873	1.3699521043929348
59300000	0.5759123349262403	0.07149114764986982
59400000	0.8652181914791077	1.0138494516078362
59500000	0.5820025177210713	0.2604154931085886
59600000	4.251007205148419	0.37049685442437363
59700000	1.2705859259049102	2.2956035171211995
59800000	1.154211310774261	3.2756093607229677
59900000	0.03257803727067635	1.1599577578497993
60000000	0.8246138598370684	2.167984700494976
60100000	0.20284256609152557	1.6390239318057562
60200000	0.946432154757812	0.9895626593701067
60300000	2.5022906627579924	4.471441644788299
60400000	0.5713299692841795	0.441673965412961
60500000	0.08125070857083737	1.0710271196610628
60600000	0.14947902841969682	1.5242151396268517
60700000	0.12294121084437197	2.496523341698965
60800000	0.06162361452275761	2.3819114367858267
60900000	0.720977479579975	0.9493235960189994
61000000	0.06746746413844397	2.807032811646865
61100000	1.0214715098517932	1.2491338033831245
61200000	0.38130756226434226	3.727941517998067
61300000	0.604296169973176	0.24500583490037664
61400000	0.11600217069316869	1.421978966378435
61500000	0.32635735340767386	0.6494049087773551
61600000	0.08961541292438206	0.06802577795320032
61700000	0.41174274836741975	0.43273522332185427
61800000	0.2884915717929688	3.6154624685244783
61900000	0.45286187015752477	0.47153894678514985
62000000	0.09657731995257056	0.6333462794023703
62100000	0.7379384092585781	2.252539730951629
62200000	1.4054657133575377	0.17634999303011767
62300000	0.19469883661038334	0.6841270490043463
62400000	0.09149575263796782	0.0405354813189007
62500000	1.231105026098004	4.3618926933062205
62600000	0.14345086716201755	0.7517685191587258
62700000	0.8187625708680575	0.5090751782500436
62800000	1.7081588451067917	0.6434557187130396
62900000	0.6871674522235306	1.1363566126381413
63000000	0.2726536004102878	1.2664204301865625
63100000	0.3318782196081364	1.2902872378119705
63200000	0.8755064514074998	0.7994198528295623
63300000	0.5001991285588208	0.15348894302715832
63400000	1.1892532568291603	5.876541008282654
63500000	0.5033011520394822	0.2312155415847092
63600000	0.2471711743080513	0.3662657168314055
63700000	0.020259086478999152	3.611616922366798
63800000	2.159683384283919	3.9746595873403816
63900000	0.14168767771150245	0.11658577041300998
64000000	0.049184199483317884	0.9310678627011708
64100000	0.12213127212973529	0.42846163736659737
64200000	0.17003107558315306	1.0976146186314646
64300000	0.07390166710813707	1.3441255615758305
64400000	0.08148667599112097	0.6606533436118665
64500000	0.34417128851266615	2.090996833838499
64600000	0.4743454040117241	2.7836660983635784
64700000	0.12532166924281496	0.13243359750118044
64800000	0.30016014244100186	1.2522169355522927
64900000	0.4040492345884923	1.3236810598168185
65000000	2.8283216324948515	0.6690496210777689
65100000	0.3275323246834186	0.6739860311055246
65200000	0.1060088514767472	1.7964190357156578
65300000	0.03337417742365279	0.6059091624048565
65400000	0.4003243776305874	0.2800926764724287
65500000	0.18619778287397679	0.8179688171735833
65600000	0.007816811977702974	0.5841769289871277
65700000	0.7875675775794849	2.1046349506984656
65800000	0.8592156843438226	2.4636219770209657
65900000	0.01066890995567966	0.06321021459504732
66000000	0.013907478106389622	0.925409192048196
66100000	3.5336959644531976	0.102331396517755
66200000	1.127988580760796	0.19723605727356727
66300000	0.07805283866626364	0.7068699163521182
66400000	0.15303873450065814	1.6318851439082525
66500000	0.44722182045328385	1.4102874070121636
66600000	0.9167620599563796	2.096280503451702
66700000	0.008442775432828158	0.06594984171665516
66800000	0.21283952344303866	1.2396058164779933
66900000	1.179722538591972	1.4288556763908205
67000000	0.0018506280044057219	2.7540896230003935
67100000	0.2152934106022581	1.0834177066478392
67200000	1.6753257485879667	1.2329934901310382
67300000	0.11832343426409596	2.7150892678069534
67400000	0.1256796952443403	0.3312947200493078
67500000	0.32147384927868516	0.4886320431469365
67600000	0.6772799042565073	0.5421377770629634
67700000	0.7107574691417935	0.5530001462974672
67800000	2.1875533305160104	1.1308846289560937
67900000	0.4789075678704524	0.8420151950481256
68000000	1.4311682344718002	0.29222354599280836
68100000	0.5087107707641831	1.1705740765267902
68200000	0.6280421226130689	0.22211428801324587
68300000	0.19173057947569078	0.43482306230077544
68400000	0.6850664845189177	0.28646643828336504
68500000	0.26182629663777224	2.839323314886643
68600000	0.2877048159638631	0.1887166773842473
68700000	0.2793728332268102	0.9982965452744186
68800000	0.22366638129368033	1.0375955454679329
68900000	0.5676073142213985	0.061117800509166015
69000000	0.8210954072590338	0.5513037803704424
69100000	0.6171349965740855	2.86134069051776
69200000	0.10204755180741726	0.29605505245215885
69300000	1.5941960263238715	4.404012029278551
69400000	0.16070869679780173	2.029163903612578
69500000	0.9227756289823192	0.5694764704100754
69600000	1.8448796684118325	1.3367149318397766
69700000	0.23160901584867719	0.6783047814360124
69800000	0.3719801696038751	0.33638593259107313
69900000	0.12584013871870994	1.1723150210272386
70000000	0.8067911781424845	2.691908729607237
70100000	0.2396476519086853	0.47265593567098585
70200000	0.037972520614244554	0.5363632997010808
70300000	0.013624298843502724	0.1799560683642777
70400000	0.4332751919411441	2.533647135947349
70500000	1.5668721337520461	0.8666854654441507
70600000	0.049515999289265554	1.7403766091017379
70700000	0.06255673621474847	2.6100820230251687
70800000	0.02829152292808346	2.970110681193433
70900000	0.036699356467732584	0.8730257160790543
71000000	0.5088687640644365	2.1021869271936247
71100000	0.5262572409316765	0.7422628065860637
71200000	0.9333342779840348	2.487440985177791
71300000	0.2995822039998946	0.2861755457906407
71400000	0.558079407241512	0.31481648809880447
71500000	0.12695746586345927	0.18413094944115543
71600000	0.8009860960570855	1.1952708136417014
71700000	0.8063413625688134	0.07566056613391717
71800000	0.08351386575896137	0.7833307901277821
71900000	0.0967276276353619	0.6227874009295837
72000000	0.06373965625637384	2.1080577325070218
72100000	0.5618229989868415	0.3859854110689858
72200000	1.3131860098707937	1.8715637860084082
72300000	1.1288278587394496	1.142091696288001
72400000	0.9258569020370605	0.7022847899057906
72500000	0.12231962957898715	0.926131135507161
72600000	0.4837588478343137	0.8896455100142613
72700000	1.0177736031448086	0.35032298617312824
72800000	0.3752562104348592	1.0480541267652517
72900000	1.2830193284514566	0.6023983291808175
73000000	0.12419881067526063	0.7945587196158003
73100000	0.8151861273134765	0.779385733314329
73200000	0.1287195535063276	3.135498070754169
73300000	0.986994890125794	1.0517169568439564
73400000	0.8513806743972373	0.46555783000301343
73500000	1.8032914791247647	1.0476019993192198
73600000	0.01680479605636893	0.23061980162858448
73700000	0.2272838061332018	1.1507287091925915
73800000	0.1258609894115998	0.5304398222618275
73900000	0.20124136203261303	0.4806384416220627
74000000	0.30801648250614333	0.9816626718943146
74100000	0.22084873386869194	2.164752915219777
74200000	0.006476350916615235	0.3631466302028717
74300000	0.2950205145487505	0.6142163482054269
74400000	0.1873136414403119	2.5243281968313473
74500000	0.30402737161717686	1.9944776347571207
74600000	0.4176854244722811	1.6489531918507327
74700000	3.458768166889207	2.342681005853827
74800000	0.2917324100041173	1.4569936661697611
74900000	0.04995478354043593	2.814907248477631
75000000	0.0820464418237174	2.2549660677980934
75100000	2.0590574381674913	1.3362472855880652
75200000	0.15025251002748863	1.8946697337723086
75300000	0.004916431487872033	1.1568623996268965
75400000	2.060449012008633	0.2907242780815975
75500000	0.02712114192014145	0.6386788323125003
75600000	0.6820204667690346	0.8936369882889138
75700000	0.48434979942181583	0.1252825359033012
75800000	2.3204804170060416	1.881439600624143
75900000	0.46254750130481465	1.3165551499410033
76000000	0.35683747246703973	0.19955601141046966
76100000	1.5977107953472731	0.16109772932999353
76200000	0.031202720463710042	1.8702957921952474
76300000	0.07347395022826265	1.2935089916595097
76400000	0.31071689893873095	0.7133279719968053
76500000	0.1305098682598444	0.8418298235398143
76600000	0.08736411545797283	2.159623138858234
76700000	1.5907315978576484	2.614495855625645
76800000	0.5671505103728919	0.7695303342186112
76900000	0.7257695604878355	0.6744841586365317
77000000	0.11598034499243354	1.0080681985967708
77100000	0.7385072107995462	1.892746279432294
77200000	0.5458698674887016	1.557145647068257
77300000	1.9398634094956495	0.9916797915155623
77400000	0.300964879183877	0.20103941864506256
77500000	1.7821147186109771	0.6653384689164237
77600000	0.6063103960904324	0.7840565910391807
77700000	0.4556279195370286	0.0536348864604017
77800000	0.19965848037167888	2.5176100371726773
77900000	0.17326706463265984	2.8334888812370487
78000000	0.3975880085596139	1.569941140081486
78100000	0.1964314340589593	6.4473729543497615
78200000	0.024354256734719436	0.3417932252553688
78300000	2.0978214821494885	1.8157957754768637
78400000	0.01471370851412636	1.2403694606394355
78500000	0.4011345622140803	2.044712985724579
78600000	0.22000156913485203	1.7834517288973204
78700000	0.02902376885285986	0.3856557445108228
78800000	1.3770662629126846	2.8921376481157712
78900000	0.44249474477225076	2.759120426701181
79000000	0.7706910089373571	1.8635464911341002
79100000	0.23087712757913498	2.503247898954275
79200000	0.021699075883158128	0.9219640558186839
79300000	0.06613531488664048	2.4860192897182425
79400000	0.13151997826632406	0.6379071334286287
79500000	0.509955546875015	0.688325936741539
79600000	0.38118035997550953	0.6744275108300748
79700000	0.008447147221702297	0.05713862765521775
79800000	1.228265436022963	1.5570343069056671
79900000	0.4021688824300023	0.6677667067570537
80000000	0.12470735201939194	0.12986770373240825
80100000	0.04125771922214305	0.940156030928739
80200000	0.7460077283532025	1.3156740290007471
80300000	2.409167255538368	0.8782628738850757
80400000	0.1707352043007226	0.5237116623653967
80500000	0.10818564296465796	2.275995209639389
80600000	1.2244978200178969	0.9383699041064291
80700000	0.8975411914903708	1.4650082429238869
80800000	0.9994991988735351	2.474754698294434
80900000	0.15773362772143285	3.4728112298300213
81000000	0.22552797183406453	1.0618253147987007
81100000	0.05485912188333089	0.4893079360529626
81200000	0.22024766365790405	2.614724507341674
81300000	1.095083146662399	1.4894262049874365
81400000	0.1187801100873681	1.270423833367239
81500000	0.4891421808503475	2.987515369497132
81600000	1.0135045670437826	0.3675721200561056
81700000	0.009678978789264383	1.6933400400418053
81800000	0.0025752457111361407	0.25566451274280466
81900000	0.12706861757873525	0.2688824934726845
82000000	0.05383814785180687	0.8909623291166372
82100000	0.5687369613345856	0.3103603437802344
82200000	2.1800645065232276	1.690413287154004
82300000	1.0915117681750597	1.2345483477091765
82400000	0.3319531750380508	0.4293331378210291
82500000	2.357444876716641	0.4222788222579197
82600000	1.235058961524021	0.8398313050471634
82700000	1.0254256943259354	0.8763532730114787
82800000	0.5778676879917043	2.0944809401623576
82900000	0.45198574327003516	0.2681525814195991
83000000	0.3852598068826816	1.391873992259811
83100000	0.3833674540678884	0.14498057668559816
83200000	0.6733397962496952	0.21876469652606576
83300000	0.18358691265009308	0.04882930372098346
83400000	0.16192758167225024	0.8266166115370062
83500000	3.6399019122691394	0.49584025227206074
83600000	0.867499111579007	1.5699503419387777
83700000	0.4024355786824813	1.428638798749797
83800000	0.18389715004925894	1.1316520949482647
83900000	1.3964717398388296	1.4485634515706878
84000000	0.32202390907883394	0.24655968872486547
84100000	0.14419436709393127	3.7888575946793095
84200000	0.48302658527034376	0.7894138795453383
84300000	0.914034098573444	2.394731556119344
84400000	0.0200899990806543	0.9410167481187718
84500000	0.5006523341718083	0.8808508480750271
84600000	0.6551390853837423	1.306219748013302
84700000	0.37491024476880125	1.8457680630414317
84800000	0.44575356166210267	0.17398533701162927
84900000	0.5031030249422547	0.7543657343750872
85000000	1.0965852083016348	0.6978456255384369
85100000	0.16455077390601253	0.621109435245009
85200000	1.0487562529181347	1.8550689827391842
85300000	1.384773664082316	0.5665341986755648
85400000	1.6935575187456688	0.7123054805535268
85500000	1.042631539501697	0.6456779324576508
85600000	2.5115753212192775	2.3053119058604086
85700000	2.0801202474408274	3.3208265879242567
85800000	0.17541111380912125	0.6183997109072871
85900000	0.7353511700391141	1.382155794810616
86000000	0.2979482504725874	0.725636171904728
86100000	0.37227008174400317	0.8221906659498058
86200000	0.028230529866286685	0.23539299270941771
86300000	0.2430641180614156	0.6227477338865169
86400000	0.23439917880555322	0.825303582551594
86500000	0.20378551227471645	2.7357586047501625
86600000	0.02139383844471939	0.20839154469467291
86700000	0.10578637238025315	0.5300944617381721
86800000	0.19526453321293102	1.524024688161097
86900000	0.0403856225145128	1.0766325029967205
87000000	0.6191434559121967	1.3004246056655033
87100000	0.20381727445913808	0.9777965228308162
87200000	0.264460392984681	3.397939919648245
87300000	0.6155808171075092	0.5740765975080963
87400000	0.20396943802988082	1.424402311169365
87500000	0.3341394940508597	0.8597147173320652
87600000	0.11740662887188726	0.4535768768292527
87700000	0.07920133961089822	0.535698149666211
87800000	0.7466952415128248	4.414801616801543
87900000	0.008987246471151674	1.1513385510344574
88000000	3.7343755625481396	1.688612057906552
88100000	0.17322111002780696	1.3953501626285119
88200000	1.443724239444991	1.4029126490619743
88300000	0.8692795081631206	1.2547900258145928
88400000	0.5404264966286019	1.2400642311480812
88500000	0.25251191366444364	0.24300181850674102
88600000	0.26453626341265485	2.061766557310519
88700000	0.22941651507032398	1.5088672528734968
88800000	0.10590710745949099	1.2136746743209645
88900000	0.8514269821986425	0.7295301582330581
89000000	0.5538243006428344	4.361686068596139
89100000	0.3443764375974545	0.49858761043189165
89200000	0.282943513971072	0.3496970398974289
89300000	0.272107006999984	0.3545606598493226
89400000	0.22680079779575024	2.197141940409026
89500000	1.203316519905477	2.971772366081779
89600000	0.27556282272323335	1.2009597400457268
89700000	0.3401834922859198	0.44205532019663507
89800000	0.6446781687081891	0.30022573798704977
89900000	0.2096866793788599	1.0770301372134077
90000000	1.9570334924514825	2.881568130282859
90100000	0.42327057325175255	1.4001207226348433
90200000	0.29756237587571	0.2570456964482014
90300000	0.5793406814917234	1.7865479671978786
90400000	0.11260070445854843	0.9296054464608914
90500000	2.5072756149556343	1.1477490602581566
90600000	0.4018886739186288	1.9267576101308435
90700000	0.0804543274755583	0.535438599355862
90800000	0.0827130913164132	0.2292987498619502
90900000	0.13375240673567443	0.9159230863312456
91000000	0.0034586043351321786	1.1422273416593574
91100000	0.263638920405732	0.5778305551779652
91200000	0.7668396241079731	0.8269744234210581
91300000	0.46876459675117044	0.8018798184776786
91400000	1.6485147982456032	1.4762645947619115
91500000	1.9944296439345353	0.6400625458276578
91600000	1.0668022746316534	0.6211562562522207
91700000	0.0037500335637804852	2.5146328752249203
91800000	0.018756169194668475	1.1563866947543742
91900000	0.08787714541937956	1.8026908896714624
92000000	0.11829600324983959	2.6193474430717547
92100000	0.1948644938458153	1.110004741260472
92200000	1.804775750611738	1.4139309122375754
92300000	1.1806972435305683	1.5719403387142081
92400000	0.3242677213018736	0.8313275927125144
92500000	0.894978888078405	0.5913892891541399
92600000	0.1350802855790007	2.442750379721631
92700000	0.013465114729679001	0.9486736423449043
92800000	0.6678880459933971	0.3174892895422135
92900000	0.7164378447987118	1.1424219415384862
93000000	0.0709821574048287	0.07307602897623265
93100000	1.8428371709283964	0.8293634046804614
93200000	0.0867702820267406	0.5179831809841339
93300000	0.7018202544167542	2.5971543024680344
93400000	0.21205228126928813	2.8132734511701076
93500000	0.023717967682907258	0.3051277797382065
93600000	0.040776493683421774	0.6485621793376146
93700000	0.1386820583500107	1.3848359104572334
93800000	0.20058986833589715	0.5286523612762447
93900000	0.9605706283636049	0.5717719290819052
94000000	4.209973583953758	4.1898315204203165
94100000	0.8551869983803246	0.9096950104771164
94200000	0.5404863570227423	1.5522859471534765
94300000	0.15383347204712913	0.32027635347843597
94400000	0.1046034115617392	0.8467184971316009
94500000	0.0417345326541613	2.8287010175613267
94600000	0.36061420171520947	1.6818442343191797
94700000	0.07004621743763254	0.7325063757416601
94800000	1.0227428950007897	0.807881431003203
94900000	0.6532639976013304	0.558228054071885
95000000	0.3057036328345477	1.495654291729404
95100000	0.24148781458479798	2.1254908845313634
95200000	0.42874016418387434	0.36821142161679005
95300000	1.4526868391157177	3.905222661456131
95400000	1.478692200579738	1.5926483954647705
95500000	0.12414231780849047	0.5481832968777736
95600000	0.8817481882418358	1.9941485530412861
95700000	0.035838938664240774	0.21400273613106413
95800000	0.6822169358463833	2.1769329213289357
95900000	0.3880450987779369	0.7101844187731967
96000000	0.4348994926177738	1.884498733505224
96100000	0.17484498797369216	1.9179229469797165
96200000	0.10490139018140424	1.201676003647539
96300000	1.4087357360717956	0.771554062514097
96400000	0.04304520964940357	0.365368037685418
96500000	0.5897966648302737	4.497503255365813
96600000	0.320007865170688	0.18127134606319437
96700000	0.10866507024094174	3.2241330174599323
96800000	0.28307905964658336	0.28792276185974214
96900000	0.5480725140913243	0.2619767501308679
97000000	0.05285794746053857	0.035463383624887004
97100000	0.17881429818979705	1.7966432271328219
97200000	0.979340562125404	1.1624549695006976
97300000	0.12750871004687658	0.033730237426569235
97400000	0.3141381986342314	0.30186118531741746
97500000	0.08487721159606516	4.995854476968417
97600000	0.034526782592533035	1.0347752964729051
97700000	1.8022218556632505	1.0551316034380425
97800000	0.04630040428414712	0.2060689818079812
97900000	0.08617551134815468	2.578342358460575
98000000	0.022370736241885573	3.464743252750578
98100000	0.9467621645049752	0.6667272551103183
98200000	0.2172529375535076	1.4773805136338962
98300000	0.5403809886161193	0.934882566557923
98400000	2.477080697687108	1.7223715041831138
98500000	0.33883230700022376	0.500139412289876
98600000	0.7908294962476653	1.2825063963043497
98700000	0.6041410593795831	1.6516348335864655
98800000	0.35759969665902386	0.9114706561969496
98900000	0.17783027269951898	0.5843606236941636
99000000	0.145770907395241	0.583734013401483
99100000	0.13506614909775178	1.4862444980842127
99200000	0.44001427195525994	0.4517672343311874
99300000	0.23770774341863232	4.024956100715596
99400000	0.03255526962149257	1.1774202706097117
99500000	0.7074974277990224	2.701864017371486
99600000	0.3974189392684475	8.25815986890738
99700000	0.016491188853198484	0.13058375754293317
99800000	0.5138587165804267	0.6308292596139251
99900000	0.034983611163204545	0.1491310284826606
100000000	0.49531442883832244	1.3331105787411395
